0 verbose cli C:\Program Files\nodejs\node.exe C:\Program Files\nodejs\node_modules\npm\bin\npm-cli.js
1 info using npm@10.5.2
2 info using node@v20.13.1
3 timing npm:load:whichnode Completed in 3ms
4 timing config:load:defaults Completed in 3ms
5 timing config:load:file:C:\Program Files\nodejs\node_modules\npm\npmrc Completed in 4ms
6 timing config:load:builtin Completed in 4ms
7 timing config:load:cli Completed in 3ms
8 timing config:load:env Completed in 1ms
9 timing config:load:file:C:\Evangadi\Phase-4\GroupFIle\Evangadi-Forum-G2\.npmrc Completed in 0ms
10 timing config:load:project Completed in 3ms
11 timing config:load:file:C:\Users\henok\.npmrc Completed in 1ms
12 timing config:load:user Completed in 1ms
13 timing config:load:file:C:\Evangadi\Phase-4\GroupFIle\Evangadi-Forum-G2\UsershenokAppDataRoamingnpm\etc\npmrc Completed in 0ms
14 timing config:load:global Completed in 1ms
15 timing config:load:setEnvs Completed in 2ms
16 timing config:load Completed in 20ms
17 timing npm:load:configload Completed in 20ms
18 timing config:load:flatten Completed in 4ms
19 timing npm:load:mkdirpcache Completed in 1ms
20 timing npm:load:mkdirplogs Completed in 1ms
21 verbose title npm run server
22 verbose argv "run" "server"
23 timing npm:load:setTitle Completed in 2ms
24 timing npm:load:display Completed in 1ms
25 verbose logfile logs-max:10 dir:C:\Evangadi\Phase-4\GroupFIle\Evangadi-Forum-G2\UsershenokAppDataLocalnpm-cache\_logs\2024-08-06T01_17_50_907Z-
26 verbose logfile C:\Evangadi\Phase-4\GroupFIle\Evangadi-Forum-G2\UsershenokAppDataLocalnpm-cache\_logs\2024-08-06T01_17_50_907Z-debug-0.log
27 timing npm:load:logFile Completed in 33ms
28 timing npm:load:timers Completed in 0ms
29 timing npm:load:configScope Completed in 0ms
30 timing npm:load Completed in 105ms
0 verbose cli C:\Program Files\nodejs\node.exe C:\Program Files\nodejs\node_modules\npm\bin\npm-cli.js
1 info using npm@10.5.2
2 info using node@v20.13.1
3 timing npm:load:whichnode Completed in 3ms
4 timing config:load:defaults Completed in 3ms
5 timing config:load:file:C:\Program Files\nodejs\node_modules\npm\npmrc Completed in 3ms
6 timing config:load:builtin Completed in 3ms
7 timing config:load:cli Completed in 4ms
8 timing config:load:env Completed in 2ms
9 timing config:load:file:C:\Evangadi\Phase-4\GroupFIle\Evangadi-Forum-G2\.npmrc Completed in 1ms
10 timing config:load:project Completed in 4ms
11 timing config:load:file:C:\Users\henok\.npmrc Completed in 1ms
12 timing config:load:user Completed in 1ms
13 timing config:load:file:C:\Evangadi\Phase-4\GroupFIle\Evangadi-Forum-G2\UsershenokAppDataRoamingnpm\etc\npmrc Completed in 0ms
14 timing config:load:global Completed in 1ms
15 timing config:load:setEnvs Completed in 2ms
16 timing config:load Completed in 20ms
17 timing npm:load:configload Completed in 20ms
18 timing config:load:flatten Completed in 4ms
19 timing npm:load:mkdirpcache Completed in 1ms
20 timing npm:load:mkdirplogs Completed in 1ms
21 verbose title npm run client
22 verbose argv "run" "client"
23 timing npm:load:setTitle Completed in 1ms
24 timing npm:load:display Completed in 1ms
25 verbose logfile logs-max:10 dir:C:\Evangadi\Phase-4\GroupFIle\Evangadi-Forum-G2\UsershenokAppDataLocalnpm-cache\_logs\2024-08-06T01_17_50_907Z-
26 verbose logfile C:\Evangadi\Phase-4\GroupFIle\Evangadi-Forum-G2\UsershenokAppDataLocalnpm-cache\_logs\2024-08-06T01_17_50_907Z-debug-0.log
27 timing npm:load:logFile Completed in 47ms
28 timing npm:load:timers Completed in 0ms
29 timing npm:load:configScope Completed in 0ms
30 timing npm:load Completed in 119ms
31 silly logfile done cleaning log files
31 silly logfile done cleaning log files
