0 verbose cli C:\Program Files\nodejs\node.exe C:\Program Files\nodejs\node_modules\npm\bin\npm-cli.js
1 info using npm@10.5.2
2 info using node@v20.13.1
3 timing npm:load:whichnode Completed in 1ms
4 timing config:load:defaults Completed in 1ms
5 timing config:load:file:C:\Program Files\nodejs\node_modules\npm\npmrc Completed in 2ms
6 timing config:load:builtin Completed in 2ms
7 timing config:load:cli Completed in 2ms
8 timing config:load:env Completed in 0ms
9 timing config:load:file:C:\Evangadi\Phase-4\GroupFIle\Evangadi-Forum-G2\.npmrc Completed in 0ms
10 timing config:load:project Completed in 2ms
11 timing config:load:file:C:\Users\henok\.npmrc Completed in 1ms
12 timing config:load:user Completed in 1ms
13 timing config:load:file:C:\Evangadi\Phase-4\GroupFIle\Evangadi-Forum-G2\UsershenokAppDataRoamingnpm\etc\npmrc Completed in 1ms
14 timing config:load:global Completed in 1ms
15 timing config:load:setEnvs Completed in 1ms
16 timing config:load Completed in 11ms
17 timing npm:load:configload Completed in 11ms
18 timing config:load:flatten Completed in 3ms
19 timing npm:load:mkdirpcache Completed in 1ms
20 timing npm:load:mkdirplogs Completed in 0ms
21 verbose title npm install react-avatar
22 verbose argv "install" "react-avatar"
23 timing npm:load:setTitle Completed in 1ms
24 timing npm:load:display Completed in 0ms
25 verbose logfile logs-max:10 dir:C:\Evangadi\Phase-4\GroupFIle\Evangadi-Forum-G2\UsershenokAppDataLocalnpm-cache\_logs\2024-08-05T21_21_47_205Z-
26 verbose logfile C:\Evangadi\Phase-4\GroupFIle\Evangadi-Forum-G2\UsershenokAppDataLocalnpm-cache\_logs\2024-08-05T21_21_47_205Z-debug-0.log
27 timing npm:load:logFile Completed in 6ms
28 timing npm:load:timers Completed in 0ms
29 timing npm:load:configScope Completed in 0ms
30 timing npm:load Completed in 57ms
31 timing arborist:ctor Completed in 1ms
32 silly logfile done cleaning log files
33 timing idealTree:init Completed in 90ms
34 timing idealTree:userRequests Completed in 2ms
35 silly idealTree buildDeps
36 silly fetch manifest react-avatar@*
37 timing arborist:ctor Completed in 1ms
38 http fetch GET 200 https://registry.npmjs.org/react-avatar 248ms (cache miss)
39 silly fetch manifest @babel/runtime@>=7
40 http fetch GET 200 https://registry.npmjs.org/@babel%2fruntime 137ms (cache miss)
41 silly fetch manifest core-js-pure@>=3
42 http fetch GET 200 https://registry.npmjs.org/core-js-pure 85ms (cache miss)
43 silly fetch manifest prop-types@^15.0.0 || ^16.0.0
44 http fetch GET 200 https://registry.npmjs.org/prop-types 57ms (cache miss)
45 silly fetch manifest react@^15.0.0 || ^16.0.0 || ^17.0.0 || ^18.0.0
46 http fetch GET 200 https://registry.npmjs.org/react 193ms (cache miss)
47 silly placeDep ROOT react-avatar@5.0.3 OK for: server@1.0.0 want: *
48 silly placeDep ROOT core-js-pure@3.38.0 OK for: react-avatar@5.0.3 want: >=3
49 silly placeDep ROOT react@18.3.1 OK for: react-avatar@5.0.3 want: ^15.0.0 || ^16.0.0 || ^17.0.0 || ^18.0.0
50 silly placeDep ROOT prop-types@15.8.1 OK for: react-avatar@5.0.3 want: ^15.0.0 || ^16.0.0
51 silly fetch manifest is-retina@^1.0.3
52 silly fetch manifest md5@^2.0.0
53 silly fetch manifest loose-envify@^1.4.0
54 silly fetch manifest react-is@^16.13.1
55 silly fetch manifest loose-envify@^1.1.0
56 http fetch GET 200 https://registry.npmjs.org/is-retina 94ms (cache miss)
57 http fetch GET 200 https://registry.npmjs.org/md5 159ms (cache miss)
58 http fetch GET 200 https://registry.npmjs.org/loose-envify 160ms (cache miss)
59 http fetch GET 200 https://registry.npmjs.org/loose-envify 161ms (cache miss)
60 http fetch GET 200 https://registry.npmjs.org/react-is 248ms (cache miss)
61 timing idealTree:#root Completed in 1163ms
62 timing idealTree:node_modules/core-js-pure Completed in 0ms
63 silly placeDep ROOT loose-envify@1.4.0 OK for: prop-types@15.8.1 want: ^1.4.0
64 silly placeDep ROOT react-is@16.13.1 OK for: prop-types@15.8.1 want: ^16.13.1
65 silly fetch manifest js-tokens@^3.0.0 || ^4.0.0
66 http fetch GET 200 https://registry.npmjs.org/js-tokens 83ms (cache miss)
67 timing idealTree:node_modules/prop-types Completed in 93ms
68 silly placeDep ROOT js-tokens@4.0.0 OK for: loose-envify@1.4.0 want: ^3.0.0 || ^4.0.0
69 timing idealTree:node_modules/loose-envify Completed in 2ms
70 timing idealTree:node_modules/js-tokens Completed in 0ms
71 timing idealTree:node_modules/react Completed in 0ms
72 silly placeDep ROOT is-retina@1.0.3 OK for: react-avatar@5.0.3 want: ^1.0.3
73 silly placeDep ROOT md5@2.3.0 OK for: react-avatar@5.0.3 want: ^2.0.0
74 silly fetch manifest crypt@0.0.2
75 silly fetch manifest charenc@0.0.2
76 silly fetch manifest is-buffer@~1.1.6
77 http fetch GET 200 https://registry.npmjs.org/is-buffer 69ms (cache miss)
78 http fetch GET 200 https://registry.npmjs.org/crypt 80ms (cache miss)
79 http fetch GET 200 https://registry.npmjs.org/charenc 80ms (cache miss)
80 timing idealTree:node_modules/react-avatar Completed in 86ms
81 timing idealTree:node_modules/is-retina Completed in 0ms
82 silly placeDep ROOT charenc@0.0.2 OK for: md5@2.3.0 want: 0.0.2
83 silly placeDep ROOT crypt@0.0.2 OK for: md5@2.3.0 want: 0.0.2
84 silly placeDep ROOT is-buffer@1.1.6 OK for: md5@2.3.0 want: ~1.1.6
85 timing idealTree:node_modules/md5 Completed in 7ms
86 timing idealTree:node_modules/charenc Completed in 0ms
87 timing idealTree:node_modules/crypt Completed in 1ms
88 timing idealTree:node_modules/is-buffer Completed in 0ms
89 timing idealTree:node_modules/react-is Completed in 0ms
90 timing idealTree:buildDeps Completed in 1357ms
91 timing idealTree:fixDepFlags Completed in 7ms
92 timing idealTree Completed in 1461ms
93 timing reify:loadTrees Completed in 1462ms
94 timing reify:diffTrees Completed in 49ms
95 silly reify moves {}
96 timing reify:retireShallow Completed in 2ms
97 timing reify:createSparse Completed in 5ms
98 timing reify:loadBundles Completed in 0ms
99 silly audit bulk request {
99 silly audit   '@babel/runtime': [ '7.25.0' ],
99 silly audit   '@mapbox/node-pre-gyp': [ '1.0.11' ],
99 silly audit   abbrev: [ '1.1.1' ],
99 silly audit   accepts: [ '1.3.8' ],
99 silly audit   'agent-base': [ '6.0.2' ],
99 silly audit   debug: [ '4.3.4', '2.6.9', '4.3.6' ],
99 silly audit   ms: [ '2.1.2', '2.1.3', '2.0.0' ],
99 silly audit   'ansi-regex': [ '5.0.1' ],
99 silly audit   'ansi-styles': [ '4.3.0' ],
99 silly audit   anymatch: [ '3.1.3' ],
99 silly audit   aproba: [ '2.0.0' ],
99 silly audit   'are-we-there-yet': [ '2.0.0' ],
99 silly audit   'array-flatten': [ '1.1.1' ],
99 silly audit   'balanced-match': [ '1.0.2' ],
99 silly audit   bcrypt: [ '5.1.1' ],
99 silly audit   'binary-extensions': [ '2.3.0' ],
99 silly audit   'body-parser': [ '1.20.2' ],
99 silly audit   'iconv-lite': [ '0.4.24', '0.6.3' ],
99 silly audit   'brace-expansion': [ '1.1.11' ],
99 silly audit   braces: [ '3.0.3' ],
99 silly audit   'buffer-equal-constant-time': [ '1.0.1' ],
99 silly audit   bytes: [ '3.1.2' ],
99 silly audit   'call-bind': [ '1.0.7' ],
99 silly audit   chalk: [ '4.1.2' ],
99 silly audit   'supports-color': [ '7.2.0', '5.5.0', '8.1.1' ],
99 silly audit   chokidar: [ '3.6.0' ],
99 silly audit   chownr: [ '2.0.0' ],
99 silly audit   cliui: [ '8.0.1' ],
99 silly audit   'color-convert': [ '2.0.1' ],
99 silly audit   'color-name': [ '1.1.4' ],
99 silly audit   'color-support': [ '1.1.3' ],
99 silly audit   'concat-map': [ '0.0.1' ],
99 silly audit   concurrently: [ '8.2.2' ],
99 silly audit   'console-control-strings': [ '1.1.0' ],
99 silly audit   'content-disposition': [ '0.5.4' ],
99 silly audit   'content-type': [ '1.0.5' ],
99 silly audit   cookie: [ '0.6.0', '0.4.1' ],
99 silly audit   'cookie-parser': [ '1.4.6' ],
99 silly audit   'cookie-signature': [ '1.0.6' ],
99 silly audit   cors: [ '2.8.5' ],
99 silly audit   'date-fns': [ '2.30.0' ],
99 silly audit   'define-data-property': [ '1.1.4' ],
99 silly audit   delegates: [ '1.0.0' ],
99 silly audit   denque: [ '2.1.0' ],
99 silly audit   depd: [ '2.0.0' ],
99 silly audit   destroy: [ '1.2.0' ],
99 silly audit   'detect-libc': [ '2.0.3' ],
99 silly audit   dotenv: [ '16.4.5' ],
99 silly audit   'ecdsa-sig-formatter': [ '1.0.11' ],
99 silly audit   'ee-first': [ '1.1.1' ],
99 silly audit   'emoji-regex': [ '8.0.0' ],
99 silly audit   encodeurl: [ '1.0.2' ],
99 silly audit   'es-define-property': [ '1.0.0' ],
99 silly audit   'es-errors': [ '1.3.0' ],
99 silly audit   escalade: [ '3.1.2' ],
99 silly audit   'escape-html': [ '1.0.3' ],
99 silly audit   etag: [ '1.8.1' ],
99 silly audit   express: [ '4.19.2' ],
99 silly audit   'fill-range': [ '7.1.1' ],
99 silly audit   finalhandler: [ '1.2.0' ],
99 silly audit   forwarded: [ '0.2.0' ],
99 silly audit   fresh: [ '0.5.2' ],
99 silly audit   'fs-minipass': [ '2.1.0' ],
99 silly audit   minipass: [ '3.3.6', '5.0.0' ],
99 silly audit   'fs.realpath': [ '1.0.0' ],
99 silly audit   fsevents: [ '2.3.3' ],
99 silly audit   'function-bind': [ '1.1.2' ],
99 silly audit   gauge: [ '3.0.2' ],
99 silly audit   'generate-function': [ '2.3.1' ],
99 silly audit   'get-caller-file': [ '2.0.5' ],
99 silly audit   'get-intrinsic': [ '1.2.4' ],
99 silly audit   glob: [ '7.2.3' ],
99 silly audit   'glob-parent': [ '5.1.2' ],
99 silly audit   gopd: [ '1.0.1' ],
99 silly audit   'has-flag': [ '4.0.0', '3.0.0' ],
99 silly audit   'has-property-descriptors': [ '1.0.2' ],
99 silly audit   'has-proto': [ '1.0.3' ],
99 silly audit   'has-symbols': [ '1.0.3' ],
99 silly audit   'has-unicode': [ '2.0.1' ],
99 silly audit   hasown: [ '2.0.2' ],
99 silly audit   'http-errors': [ '2.0.0' ],
99 silly audit   'http-status-codes': [ '2.3.0' ],
99 silly audit   'https-proxy-agent': [ '5.0.1' ],
99 silly audit   'ignore-by-default': [ '1.0.1' ],
99 silly audit   inflight: [ '1.0.6' ],
99 silly audit   inherits: [ '2.0.4' ],
99 silly audit   'ipaddr.js': [ '1.9.1' ],
99 silly audit   'is-binary-path': [ '2.1.0' ],
99 silly audit   'is-extglob': [ '2.1.1' ],
99 silly audit   'is-fullwidth-code-point': [ '3.0.0' ],
99 silly audit   'is-glob': [ '4.0.3' ],
99 silly audit   'is-number': [ '7.0.0' ],
99 silly audit   'is-property': [ '1.0.2' ],
99 silly audit   jsonwebtoken: [ '9.0.2' ],
99 silly audit   jwa: [ '1.4.1' ],
99 silly audit   jws: [ '3.2.2' ],
99 silly audit   lodash: [ '4.17.21' ],
99 silly audit   'lodash.includes': [ '4.3.0' ],
99 silly audit   'lodash.isboolean': [ '3.0.3' ],
99 silly audit   'lodash.isinteger': [ '4.0.4' ],
99 silly audit   'lodash.isnumber': [ '3.0.3' ],
99 silly audit   'lodash.isplainobject': [ '4.0.6' ],
99 silly audit   'lodash.isstring': [ '4.0.1' ],
99 silly audit   'lodash.once': [ '4.1.1' ],
99 silly audit   long: [ '5.2.3' ],
99 silly audit   'lru-cache': [ '8.0.5', '7.18.3' ],
99 silly audit   'make-dir': [ '3.1.0' ],
99 silly audit   semver: [ '6.3.1', '7.6.2' ],
99 silly audit   'media-typer': [ '0.3.0' ],
99 silly audit   'merge-descriptors': [ '1.0.1' ],
99 silly audit   methods: [ '1.1.2' ],
99 silly audit   mime: [ '1.6.0' ],
99 silly audit   'mime-db': [ '1.52.0' ],
99 silly audit   'mime-types': [ '2.1.35' ],
99 silly audit   minimatch: [ '3.1.2' ],
99 silly audit   minizlib: [ '2.1.2' ],
99 silly audit   mkdirp: [ '1.0.4' ],
99 silly audit   mysql2: [ '3.9.8' ],
99 silly audit   'named-placeholders': [ '1.1.3' ],
99 silly audit   negotiator: [ '0.6.3' ],
99 silly audit   'node-addon-api': [ '5.1.0' ],
99 silly audit   'node-fetch': [ '2.7.0' ],
99 silly audit   nodemon: [ '3.1.4' ],
99 silly audit   nopt: [ '5.0.0' ],
99 silly audit   'normalize-path': [ '3.0.0' ],
99 silly audit   npmlog: [ '5.0.1' ],
99 silly audit   'object-assign': [ '4.1.1' ],
99 silly audit   'object-inspect': [ '1.13.1' ],
99 silly audit   'on-finished': [ '2.4.1' ],
99 silly audit   once: [ '1.4.0' ],
99 silly audit   parseurl: [ '1.3.3' ],
99 silly audit   'path-is-absolute': [ '1.0.1' ],
99 silly audit   'path-to-regexp': [ '0.1.7' ],
99 silly audit   picomatch: [ '2.3.1' ],
99 silly audit   'proxy-addr': [ '2.0.7' ],
99 silly audit   'pstree.remy': [ '1.1.8' ],
99 silly audit   qs: [ '6.11.0' ],
99 silly audit   'range-parser': [ '1.2.1' ],
99 silly audit   'raw-body': [ '2.5.2' ],
99 silly audit   'readable-stream': [ '3.6.2' ],
99 silly audit   readdirp: [ '3.6.0' ],
99 silly audit   'regenerator-runtime': [ '0.14.1' ],
99 silly audit   'require-directory': [ '2.1.1' ],
99 silly audit   rimraf: [ '3.0.2' ],
99 silly audit   rxjs: [ '7.8.1' ],
99 silly audit   'safe-buffer': [ '5.2.1' ],
99 silly audit   'safer-buffer': [ '2.1.2' ],
99 silly audit   send: [ '0.18.0' ],
99 silly audit   'seq-queue': [ '0.0.5' ],
99 silly audit   'serve-static': [ '1.15.0' ],
99 silly audit   'set-blocking': [ '2.0.0' ],
99 silly audit   'set-function-length': [ '1.2.2' ],
99 silly audit   setprototypeof: [ '1.2.0' ],
99 silly audit   'shell-quote': [ '1.8.1' ],
99 silly audit   'side-channel': [ '1.0.6' ],
99 silly audit   'signal-exit': [ '3.0.7' ],
99 silly audit   'simple-update-notifier': [ '2.0.0' ],
99 silly audit   'spawn-command': [ '0.0.2' ],
99 silly audit   sqlstring: [ '2.3.3' ],
99 silly audit   statuses: [ '2.0.1' ],
99 silly audit   string_decoder: [ '1.3.0' ],
99 silly audit   'string-width': [ '4.2.3' ],
99 silly audit   'strip-ansi': [ '6.0.1' ],
99 silly audit   tar: [ '6.2.1' ],
99 silly audit   'to-regex-range': [ '5.0.1' ],
99 silly audit   toidentifier: [ '1.0.1' ],
99 silly audit   touch: [ '3.1.1' ],
99 silly audit   tr46: [ '0.0.3' ],
99 silly audit   'tree-kill': [ '1.2.2' ],
99 silly audit   tslib: [ '2.6.3' ],
99 silly audit   'type-is': [ '1.6.18' ],
99 silly audit   undefsafe: [ '2.0.5' ],
99 silly audit   unpipe: [ '1.0.0' ],
99 silly audit   'util-deprecate': [ '1.0.2' ],
99 silly audit   'utils-merge': [ '1.0.1' ],
99 silly audit   vary: [ '1.1.2' ],
99 silly audit   'webidl-conversions': [ '3.0.1' ],
99 silly audit   'whatwg-url': [ '5.0.0' ],
99 silly audit   'wide-align': [ '1.1.5' ],
99 silly audit   'wrap-ansi': [ '7.0.0' ],
99 silly audit   wrappy: [ '1.0.2' ],
99 silly audit   y18n: [ '5.0.8' ],
99 silly audit   yallist: [ '4.0.0' ],
99 silly audit   yargs: [ '17.7.2' ],
99 silly audit   'yargs-parser': [ '21.1.1' ],
99 silly audit   'react-avatar': [ '5.0.3' ],
99 silly audit   'core-js-pure': [ '3.38.0' ],
99 silly audit   react: [ '18.3.1' ],
99 silly audit   'prop-types': [ '15.8.1' ],
99 silly audit   'loose-envify': [ '1.4.0' ],
99 silly audit   'react-is': [ '16.13.1' ],
99 silly audit   'js-tokens': [ '4.0.0' ],
99 silly audit   'is-retina': [ '1.0.3' ],
99 silly audit   md5: [ '2.3.0' ],
99 silly audit   charenc: [ '0.0.2' ],
99 silly audit   crypt: [ '0.0.2' ],
99 silly audit   'is-buffer': [ '1.1.6' ]
99 silly audit }
100 verbose reify failed optional dependency C:\Evangadi\Phase-4\GroupFIle\Evangadi-Forum-G2\node_modules\fsevents
101 silly reify mark deleted [
101 silly reify   'C:\\Evangadi\\Phase-4\\GroupFIle\\Evangadi-Forum-G2\\node_modules\\fsevents'
101 silly reify ]
102 timing reifyNode:node_modules/fsevents Completed in 10ms
103 silly tarball no local data for is-buffer@https://registry.npmjs.org/is-buffer/-/is-buffer-1.1.6.tgz. Extracting by manifest.
104 silly tarball no local data for charenc@https://registry.npmjs.org/charenc/-/charenc-0.0.2.tgz. Extracting by manifest.
105 silly tarball no local data for crypt@https://registry.npmjs.org/crypt/-/crypt-0.0.2.tgz. Extracting by manifest.
106 silly tarball no local data for js-tokens@https://registry.npmjs.org/js-tokens/-/js-tokens-4.0.0.tgz. Extracting by manifest.
107 silly tarball no local data for md5@https://registry.npmjs.org/md5/-/md5-2.3.0.tgz. Extracting by manifest.
108 silly tarball no local data for loose-envify@https://registry.npmjs.org/loose-envify/-/loose-envify-1.4.0.tgz. Extracting by manifest.
109 silly tarball no local data for prop-types@https://registry.npmjs.org/prop-types/-/prop-types-15.8.1.tgz. Extracting by manifest.
110 silly tarball no local data for core-js-pure@https://registry.npmjs.org/core-js-pure/-/core-js-pure-3.38.0.tgz. Extracting by manifest.
111 silly tarball no local data for react@https://registry.npmjs.org/react/-/react-18.3.1.tgz. Extracting by manifest.
112 silly tarball no local data for react-avatar@https://registry.npmjs.org/react-avatar/-/react-avatar-5.0.3.tgz. Extracting by manifest.
113 silly tarball no local data for is-retina@https://registry.npmjs.org/is-retina/-/is-retina-1.0.3.tgz. Extracting by manifest.
114 silly tarball no local data for react-is@https://registry.npmjs.org/react-is/-/react-is-16.13.1.tgz. Extracting by manifest.
115 http fetch POST 200 https://registry.npmjs.org/-/npm/v1/security/advisories/bulk 167ms
116 timing auditReport:getReport Completed in 174ms
117 silly audit report {}
118 timing auditReport:init Completed in 0ms
119 timing reify:audit Completed in 176ms
120 http fetch GET 200 https://registry.npmjs.org/is-buffer/-/is-buffer-1.1.6.tgz 239ms (cache miss)
121 http fetch GET 200 https://registry.npmjs.org/charenc/-/charenc-0.0.2.tgz 242ms (cache miss)
122 timing reifyNode:node_modules/charenc Completed in 272ms
123 http fetch GET 200 https://registry.npmjs.org/crypt/-/crypt-0.0.2.tgz 248ms (cache miss)
124 timing reifyNode:node_modules/crypt Completed in 280ms
125 timing reifyNode:node_modules/is-buffer Completed in 281ms
126 http fetch GET 200 https://registry.npmjs.org/loose-envify/-/loose-envify-1.4.0.tgz 265ms (cache miss)
127 http fetch GET 200 https://registry.npmjs.org/js-tokens/-/js-tokens-4.0.0.tgz 269ms (cache miss)
128 timing reifyNode:node_modules/js-tokens Completed in 303ms
129 timing reifyNode:node_modules/loose-envify Completed in 307ms
130 http fetch GET 200 https://registry.npmjs.org/is-retina/-/is-retina-1.0.3.tgz 265ms (cache miss)
131 timing reifyNode:node_modules/is-retina Completed in 315ms
132 http fetch GET 200 https://registry.npmjs.org/react-is/-/react-is-16.13.1.tgz 272ms (cache miss)
133 timing reifyNode:node_modules/react-is Completed in 328ms
134 http fetch GET 200 https://registry.npmjs.org/md5/-/md5-2.3.0.tgz 294ms (cache miss)
135 timing reifyNode:node_modules/md5 Completed in 329ms
136 http fetch GET 200 https://registry.npmjs.org/prop-types/-/prop-types-15.8.1.tgz 319ms (cache miss)
137 timing reifyNode:node_modules/prop-types Completed in 355ms
138 http fetch GET 200 https://registry.npmjs.org/react/-/react-18.3.1.tgz 363ms (cache miss)
139 timing reifyNode:node_modules/react Completed in 405ms
140 http fetch GET 200 https://registry.npmjs.org/react-avatar/-/react-avatar-5.0.3.tgz 433ms (cache miss)
141 timing reifyNode:node_modules/react-avatar Completed in 477ms
142 http fetch GET 200 https://registry.npmjs.org/core-js-pure/-/core-js-pure-3.38.0.tgz 10368ms (cache miss)
143 timing reifyNode:node_modules/core-js-pure Completed in 10408ms
144 timing reify:unpack Completed in 10410ms
145 timing reify:unretire Completed in 1ms
146 timing build:queue Completed in 1ms
147 timing build:link:node_modules/loose-envify Completed in 12ms
148 timing build:link Completed in 12ms
149 info run core-js-pure@3.38.0 postinstall node_modules/core-js-pure node -e "try{require('./postinstall')}catch(e){}"
150 info run core-js-pure@3.38.0 postinstall { code: 0, signal: null }
151 timing build:run:postinstall:node_modules/core-js-pure Completed in 242ms
152 timing build:run:postinstall Completed in 242ms
153 timing build:deps Completed in 257ms
154 timing build Completed in 258ms
155 timing reify:build Completed in 258ms
156 timing reify:trash Completed in 1ms
157 timing reify:save Completed in 101ms
158 timing reify Completed in 12385ms
159 silly ADD node_modules/is-buffer
160 silly ADD node_modules/crypt
161 silly ADD node_modules/charenc
162 silly ADD node_modules/md5
163 silly ADD node_modules/is-retina
164 silly ADD node_modules/js-tokens
165 silly ADD node_modules/react-is
166 silly ADD node_modules/loose-envify
167 silly ADD node_modules/prop-types
168 silly ADD node_modules/react
169 silly ADD node_modules/core-js-pure
170 silly ADD node_modules/react-avatar
171 silly ADD
172 timing command:install Completed in 12398ms
173 verbose exit 0
174 timing npm Completed in 13040ms
175 info ok
