0 verbose cli C:\Program Files\nodejs\node.exe C:\Program Files\nodejs\node_modules\npm\bin\npm-cli.js
1 info using npm@10.5.2
2 info using node@v20.13.1
3 timing npm:load:whichnode Completed in 3ms
4 timing config:load:defaults Completed in 2ms
5 timing config:load:file:C:\Program Files\nodejs\node_modules\npm\npmrc Completed in 3ms
6 timing config:load:builtin Completed in 3ms
7 timing config:load:cli Completed in 2ms
8 timing config:load:env Completed in 1ms
9 timing config:load:file:C:\Evangadi\Phase-4\GroupFIle\Evangadi-Forum-G2\.npmrc Completed in 0ms
10 timing config:load:project Completed in 6ms
11 timing config:load:file:C:\Users\henok\.npmrc Completed in 1ms
12 timing config:load:user Completed in 1ms
13 timing config:load:file:C:\Evangadi\Phase-4\GroupFIle\Evangadi-Forum-G2\UsershenokAppDataRoamingnpm\etc\npmrc Completed in 0ms
14 timing config:load:global Completed in 1ms
15 timing config:load:setEnvs Completed in 1ms
16 timing config:load Completed in 18ms
17 timing npm:load:configload Completed in 18ms
18 timing config:load:flatten Completed in 4ms
19 timing npm:load:mkdirpcache Completed in 1ms
20 timing npm:load:mkdirplogs Completed in 1ms
21 verbose title npm install @mui/icons-material
22 verbose argv "install" "@mui/icons-material"
23 timing npm:load:setTitle Completed in 1ms
24 timing npm:load:display Completed in 0ms
25 verbose logfile logs-max:10 dir:C:\Evangadi\Phase-4\GroupFIle\Evangadi-Forum-G2\UsershenokAppDataLocalnpm-cache\_logs\2024-08-05T21_24_15_816Z-
26 verbose logfile C:\Evangadi\Phase-4\GroupFIle\Evangadi-Forum-G2\UsershenokAppDataLocalnpm-cache\_logs\2024-08-05T21_24_15_816Z-debug-0.log
27 timing npm:load:logFile Completed in 6ms
28 timing npm:load:timers Completed in 0ms
29 timing npm:load:configScope Completed in 0ms
30 timing npm:load Completed in 65ms
31 timing arborist:ctor Completed in 1ms
32 silly logfile done cleaning log files
33 timing idealTree:init Completed in 87ms
34 timing idealTree:userRequests Completed in 2ms
35 silly idealTree buildDeps
36 silly fetch manifest @mui/icons-material@*
37 verbose shrinkwrap failed to load node_modules/.package-lock.json out of date, updated: node_modules
38 http fetch GET 200 https://registry.npmjs.org/@mui%2ficons-material 206ms (cache hit)
39 silly fetch manifest @mui/material@^5.0.0
40 http fetch GET 200 https://registry.npmjs.org/@mui%2fmaterial 36ms (cache hit)
41 silly fetch manifest @emotion/react@^11.5.0
42 http fetch GET 200 https://registry.npmjs.org/@emotion%2freact 12ms (cache hit)
43 silly fetch manifest react@>=16.8.0
44 http fetch GET 200 https://registry.npmjs.org/react 34ms (cache hit)
45 silly fetch manifest @emotion/styled@^11.3.0
46 http fetch GET 200 https://registry.npmjs.org/@emotion%2fstyled 16ms (cache hit)
47 silly fetch manifest @types/react@^17.0.0 || ^18.0.0
48 http fetch GET 200 https://registry.npmjs.org/@types%2freact 18ms (cache hit)
49 silly fetch manifest react-dom@^17.0.0 || ^18.0.0
50 http fetch GET 200 https://registry.npmjs.org/react-dom 77ms (cache hit)
51 silly placeDep ROOT @mui/icons-material@5.16.6 OK for: server@1.0.0 want: *
52 silly placeDep ROOT @mui/material@5.16.6 OK for: @mui/icons-material@5.16.6 want: ^5.0.0
53 silly placeDep ROOT react-dom@18.3.1 OK for: @mui/material@5.16.6 want: ^17.0.0 || ^18.0.0
54 silly fetch manifest clsx@^2.1.0
55 silly fetch manifest csstype@^3.1.3
56 silly fetch manifest react-is@^18.3.1
57 silly fetch manifest @mui/types@^7.2.15
58 silly fetch manifest @mui/utils@^5.16.6
59 silly fetch manifest @mui/system@^5.16.6
60 silly fetch manifest @popperjs/core@^2.11.8
61 silly fetch manifest react-transition-group@^4.4.5
62 silly fetch manifest @mui/core-downloads-tracker@^5.16.6
63 silly fetch manifest @types/react-transition-group@^4.4.10
64 silly fetch manifest scheduler@^0.23.2
65 http fetch GET 200 https://registry.npmjs.org/clsx 99ms (cache hit)
66 http fetch GET 200 https://registry.npmjs.org/@popperjs%2fcore 100ms (cache hit)
67 http fetch GET 200 https://registry.npmjs.org/csstype 114ms (cache hit)
68 http fetch GET 200 https://registry.npmjs.org/@mui%2fcore-downloads-tracker 117ms (cache hit)
69 http fetch GET 200 https://registry.npmjs.org/react-transition-group 124ms (cache hit)
70 http fetch GET 200 https://registry.npmjs.org/@mui%2fsystem 137ms (cache hit)
71 http fetch GET 200 https://registry.npmjs.org/@mui%2ftypes 144ms (cache hit)
72 http fetch GET 200 https://registry.npmjs.org/@mui%2futils 147ms (cache hit)
73 http fetch GET 200 https://registry.npmjs.org/react-is 165ms (cache hit)
74 http fetch GET 200 https://registry.npmjs.org/@types%2freact-transition-group 205ms (cache hit)
75 http fetch GET 200 https://registry.npmjs.org/scheduler 217ms (cache hit)
76 timing idealTree:#root Completed in 823ms
77 timing idealTree:node_modules/@mui/icons-material Completed in 0ms
78 silly fetch manifest react@^17.0.0 || ^18.0.0
79 silly placeDep ROOT @mui/core-downloads-tracker@5.16.6 OK for: @mui/material@5.16.6 want: ^5.16.6
80 silly placeDep ROOT @mui/system@5.16.6 OK for: @mui/material@5.16.6 want: ^5.16.6
81 silly placeDep ROOT @mui/types@7.2.15 OK for: @mui/material@5.16.6 want: ^7.2.15
82 silly placeDep ROOT @mui/utils@5.16.6 OK for: @mui/material@5.16.6 want: ^5.16.6
83 silly placeDep ROOT @popperjs/core@2.11.8 OK for: @mui/material@5.16.6 want: ^2.11.8
84 silly placeDep ROOT @types/react-transition-group@4.4.10 OK for: @mui/material@5.16.6 want: ^4.4.10
85 silly placeDep ROOT clsx@2.1.1 OK for: @mui/material@5.16.6 want: ^2.1.0
86 silly placeDep ROOT csstype@3.1.3 OK for: @mui/material@5.16.6 want: ^3.1.3
87 silly placeDep node_modules/@mui/material react-is@18.3.1 OK for: @mui/material@5.16.6 want: ^18.3.1
88 silly placeDep ROOT react-transition-group@4.4.5 OK for: @mui/material@5.16.6 want: ^4.4.5
89 silly fetch manifest @mui/styled-engine@^5.16.6
90 silly fetch manifest @mui/private-theming@^5.16.6
91 silly fetch manifest clsx@^2.1.1
92 silly fetch manifest @types/prop-types@^15.7.12
93 silly fetch manifest @types/react@*
94 silly fetch manifest dom-helpers@^5.0.1
95 http fetch GET 200 https://registry.npmjs.org/@types%2fprop-types 19ms (cache hit)
96 http fetch GET 200 https://registry.npmjs.org/dom-helpers 19ms (cache hit)
97 http fetch GET 200 https://registry.npmjs.org/@mui%2fstyled-engine 25ms (cache hit)
98 http fetch GET 200 https://registry.npmjs.org/@mui%2fprivate-theming 28ms (cache hit)
99 timing idealTree:node_modules/@mui/material Completed in 78ms
100 timing idealTree:node_modules/@mui/core-downloads-tracker Completed in 0ms
101 silly placeDep ROOT @mui/private-theming@5.16.6 OK for: @mui/system@5.16.6 want: ^5.16.6
102 silly placeDep ROOT @mui/styled-engine@5.16.6 OK for: @mui/system@5.16.6 want: ^5.16.6
103 silly fetch manifest @emotion/cache@^11.11.0
104 http fetch GET 200 https://registry.npmjs.org/@emotion%2fcache 19ms (cache hit)
105 timing idealTree:node_modules/@mui/system Completed in 40ms
106 timing idealTree:node_modules/@mui/private-theming Completed in 0ms
107 silly placeDep ROOT @emotion/cache@11.13.1 OK for: @mui/styled-engine@5.16.6 want: ^11.11.0
108 silly fetch manifest @emotion/memoize@^0.9.0
109 silly fetch manifest @emotion/sheet@^1.4.0
110 silly fetch manifest @emotion/utils@^1.4.0
111 silly fetch manifest @emotion/weak-memoize@^0.4.0
112 silly fetch manifest stylis@4.2.0
113 http fetch GET 200 https://registry.npmjs.org/@emotion%2fweak-memoize 24ms (cache hit)
114 http fetch GET 200 https://registry.npmjs.org/@emotion%2fsheet 29ms (cache hit)
115 http fetch GET 200 https://registry.npmjs.org/@emotion%2fmemoize 36ms (cache hit)
116 http fetch GET 200 https://registry.npmjs.org/@emotion%2futils 36ms (cache hit)
117 http fetch GET 200 https://registry.npmjs.org/stylis 36ms (cache hit)
118 timing idealTree:node_modules/@mui/styled-engine Completed in 49ms
119 silly placeDep ROOT @emotion/memoize@0.9.0 OK for: @emotion/cache@11.13.1 want: ^0.9.0
120 silly placeDep ROOT @emotion/sheet@1.4.0 OK for: @emotion/cache@11.13.1 want: ^1.4.0
121 silly placeDep ROOT @emotion/utils@1.4.0 OK for: @emotion/cache@11.13.1 want: ^1.4.0
122 silly placeDep ROOT @emotion/weak-memoize@0.4.0 OK for: @emotion/cache@11.13.1 want: ^0.4.0
123 silly placeDep ROOT stylis@4.2.0 OK for: @emotion/cache@11.13.1 want: 4.2.0
124 timing idealTree:node_modules/@emotion/cache Completed in 7ms
125 timing idealTree:node_modules/@emotion/memoize Completed in 0ms
126 timing idealTree:node_modules/@emotion/sheet Completed in 0ms
127 timing idealTree:node_modules/@emotion/utils Completed in 0ms
128 timing idealTree:node_modules/@emotion/weak-memoize Completed in 0ms
129 timing idealTree:node_modules/@mui/types Completed in 0ms
130 silly placeDep ROOT @types/prop-types@15.7.12 OK for: @mui/utils@5.16.6 want: ^15.7.12
131 silly placeDep node_modules/@mui/utils react-is@18.3.1 OK for: @mui/utils@5.16.6 want: ^18.3.1
132 timing idealTree:node_modules/@mui/utils Completed in 4ms
133 timing idealTree:node_modules/@popperjs/core Completed in 0ms
134 timing idealTree:node_modules/@types/prop-types Completed in 0ms
135 silly placeDep ROOT @types/react@18.3.3 OK for: @types/react-transition-group@4.4.10 want: *
136 timing idealTree:node_modules/@types/react-transition-group Completed in 3ms
137 timing idealTree:node_modules/@types/react Completed in 0ms
138 timing idealTree:node_modules/clsx Completed in 1ms
139 timing idealTree:node_modules/csstype Completed in 0ms
140 silly placeDep ROOT scheduler@0.23.2 OK for: react-dom@18.3.1 want: ^0.23.2
141 timing idealTree:node_modules/react-dom Completed in 5ms
142 silly placeDep ROOT dom-helpers@5.2.1 OK for: react-transition-group@4.4.5 want: ^5.0.1
143 timing idealTree:node_modules/react-transition-group Completed in 4ms
144 timing idealTree:node_modules/dom-helpers Completed in 0ms
145 timing idealTree:node_modules/scheduler Completed in 0ms
146 timing idealTree:node_modules/stylis Completed in 0ms
147 timing idealTree:node_modules/@mui/material/node_modules/react-is Completed in 0ms
148 timing idealTree:node_modules/@mui/utils/node_modules/react-is Completed in 0ms
149 timing idealTree:buildDeps Completed in 1021ms
150 timing idealTree:fixDepFlags Completed in 8ms
151 timing idealTree Completed in 1124ms
152 timing reify:loadTrees Completed in 1125ms
153 timing reify:diffTrees Completed in 13ms
154 silly reify mark retired [
154 silly reify   'C:\\Evangadi\\Phase-4\\GroupFIle\\Evangadi-Forum-G2\\node_modules\\fsevents'
154 silly reify ]
155 silly reify mark retired [
155 silly reify   'C:\\Evangadi\\Phase-4\\GroupFIle\\Evangadi-Forum-G2\\node_modules\\clsx'
155 silly reify ]
156 silly reify mark retired [
156 silly reify   'C:\\Evangadi\\Phase-4\\GroupFIle\\Evangadi-Forum-G2\\node_modules\\csstype'
156 silly reify ]
157 silly reify mark retired [
157 silly reify   'C:\\Evangadi\\Phase-4\\GroupFIle\\Evangadi-Forum-G2\\node_modules\\dom-helpers'
157 silly reify ]
158 silly reify mark retired [
158 silly reify   'C:\\Evangadi\\Phase-4\\GroupFIle\\Evangadi-Forum-G2\\node_modules\\react-dom'
158 silly reify ]
159 silly reify mark retired [
159 silly reify   'C:\\Evangadi\\Phase-4\\GroupFIle\\Evangadi-Forum-G2\\node_modules\\react-transition-group'
159 silly reify ]
160 silly reify mark retired [
160 silly reify   'C:\\Evangadi\\Phase-4\\GroupFIle\\Evangadi-Forum-G2\\node_modules\\scheduler'
160 silly reify ]
161 silly reify mark retired [
161 silly reify   'C:\\Evangadi\\Phase-4\\GroupFIle\\Evangadi-Forum-G2\\node_modules\\stylis'
161 silly reify ]
162 silly reify mark retired [
162 silly reify   'C:\\Evangadi\\Phase-4\\GroupFIle\\Evangadi-Forum-G2\\node_modules\\@emotion\\memoize'
162 silly reify ]
163 silly reify mark retired [
163 silly reify   'C:\\Evangadi\\Phase-4\\GroupFIle\\Evangadi-Forum-G2\\node_modules\\@emotion\\cache'
163 silly reify ]
164 silly reify mark retired [
164 silly reify   'C:\\Evangadi\\Phase-4\\GroupFIle\\Evangadi-Forum-G2\\node_modules\\@emotion\\sheet'
164 silly reify ]
165 silly reify mark retired [
165 silly reify   'C:\\Evangadi\\Phase-4\\GroupFIle\\Evangadi-Forum-G2\\node_modules\\@emotion\\utils'
165 silly reify ]
166 silly reify mark retired [
166 silly reify   'C:\\Evangadi\\Phase-4\\GroupFIle\\Evangadi-Forum-G2\\node_modules\\@emotion\\weak-memoize'
166 silly reify ]
167 silly reify mark retired [
167 silly reify   'C:\\Evangadi\\Phase-4\\GroupFIle\\Evangadi-Forum-G2\\node_modules\\@popperjs\\core'
167 silly reify ]
168 silly reify mark retired [
168 silly reify   'C:\\Evangadi\\Phase-4\\GroupFIle\\Evangadi-Forum-G2\\node_modules\\@types\\prop-types'
168 silly reify ]
169 silly reify mark retired [
169 silly reify   'C:\\Evangadi\\Phase-4\\GroupFIle\\Evangadi-Forum-G2\\node_modules\\@types\\react'
169 silly reify ]
170 silly reify mark retired [
170 silly reify   'C:\\Evangadi\\Phase-4\\GroupFIle\\Evangadi-Forum-G2\\node_modules\\@types\\react-transition-group'
170 silly reify ]
171 silly reify mark retired [
171 silly reify   'C:\\Evangadi\\Phase-4\\GroupFIle\\Evangadi-Forum-G2\\node_modules\\@mui\\material'
171 silly reify ]
172 silly reify mark retired [
172 silly reify   'C:\\Evangadi\\Phase-4\\GroupFIle\\Evangadi-Forum-G2\\node_modules\\@mui\\styled-engine'
172 silly reify ]
173 silly reify mark retired [
173 silly reify   'C:\\Evangadi\\Phase-4\\GroupFIle\\Evangadi-Forum-G2\\node_modules\\@mui\\private-theming'
173 silly reify ]
174 silly reify mark retired [
174 silly reify   'C:\\Evangadi\\Phase-4\\GroupFIle\\Evangadi-Forum-G2\\node_modules\\@mui\\core-downloads-tracker'
174 silly reify ]
175 silly reify mark retired [
175 silly reify   'C:\\Evangadi\\Phase-4\\GroupFIle\\Evangadi-Forum-G2\\node_modules\\@mui\\icons-material'
175 silly reify ]
176 silly reify mark retired [
176 silly reify   'C:\\Evangadi\\Phase-4\\GroupFIle\\Evangadi-Forum-G2\\node_modules\\@mui\\types'
176 silly reify ]
177 silly reify mark retired [
177 silly reify   'C:\\Evangadi\\Phase-4\\GroupFIle\\Evangadi-Forum-G2\\node_modules\\@mui\\system'
177 silly reify ]
178 silly reify mark retired [
178 silly reify   'C:\\Evangadi\\Phase-4\\GroupFIle\\Evangadi-Forum-G2\\node_modules\\@mui\\utils'
178 silly reify ]
179 silly reify moves {
179 silly reify   'C:\\Evangadi\\Phase-4\\GroupFIle\\Evangadi-Forum-G2\\node_modules\\fsevents': 'C:\\Evangadi\\Phase-4\\GroupFIle\\Evangadi-Forum-G2\\node_modules\\.fsevents-SdDOcHrp',
179 silly reify   'C:\\Evangadi\\Phase-4\\GroupFIle\\Evangadi-Forum-G2\\node_modules\\clsx': 'C:\\Evangadi\\Phase-4\\GroupFIle\\Evangadi-Forum-G2\\node_modules\\.clsx-ZaI3RhRr',
179 silly reify   'C:\\Evangadi\\Phase-4\\GroupFIle\\Evangadi-Forum-G2\\node_modules\\csstype': 'C:\\Evangadi\\Phase-4\\GroupFIle\\Evangadi-Forum-G2\\node_modules\\.csstype-EPbBhbQS',
179 silly reify   'C:\\Evangadi\\Phase-4\\GroupFIle\\Evangadi-Forum-G2\\node_modules\\dom-helpers': 'C:\\Evangadi\\Phase-4\\GroupFIle\\Evangadi-Forum-G2\\node_modules\\.dom-helpers-TLbrBYhe',
179 silly reify   'C:\\Evangadi\\Phase-4\\GroupFIle\\Evangadi-Forum-G2\\node_modules\\react-dom': 'C:\\Evangadi\\Phase-4\\GroupFIle\\Evangadi-Forum-G2\\node_modules\\.react-dom-9hRdeQzT',
179 silly reify   'C:\\Evangadi\\Phase-4\\GroupFIle\\Evangadi-Forum-G2\\node_modules\\react-transition-group': 'C:\\Evangadi\\Phase-4\\GroupFIle\\Evangadi-Forum-G2\\node_modules\\.react-transition-group-gzsrY9E4',
179 silly reify   'C:\\Evangadi\\Phase-4\\GroupFIle\\Evangadi-Forum-G2\\node_modules\\scheduler': 'C:\\Evangadi\\Phase-4\\GroupFIle\\Evangadi-Forum-G2\\node_modules\\.scheduler-CXtxNiv5',
179 silly reify   'C:\\Evangadi\\Phase-4\\GroupFIle\\Evangadi-Forum-G2\\node_modules\\stylis': 'C:\\Evangadi\\Phase-4\\GroupFIle\\Evangadi-Forum-G2\\node_modules\\.stylis-wyTa9Ipa',
179 silly reify   'C:\\Evangadi\\Phase-4\\GroupFIle\\Evangadi-Forum-G2\\node_modules\\@emotion\\memoize': 'C:\\Evangadi\\Phase-4\\GroupFIle\\Evangadi-Forum-G2\\node_modules\\@emotion\\.memoize-gLY0I8wQ',
179 silly reify   'C:\\Evangadi\\Phase-4\\GroupFIle\\Evangadi-Forum-G2\\node_modules\\@emotion\\cache': 'C:\\Evangadi\\Phase-4\\GroupFIle\\Evangadi-Forum-G2\\node_modules\\@emotion\\.cache-oxineKRu',
179 silly reify   'C:\\Evangadi\\Phase-4\\GroupFIle\\Evangadi-Forum-G2\\node_modules\\@emotion\\sheet': 'C:\\Evangadi\\Phase-4\\GroupFIle\\Evangadi-Forum-G2\\node_modules\\@emotion\\.sheet-abmjcEXF',
179 silly reify   'C:\\Evangadi\\Phase-4\\GroupFIle\\Evangadi-Forum-G2\\node_modules\\@emotion\\utils': 'C:\\Evangadi\\Phase-4\\GroupFIle\\Evangadi-Forum-G2\\node_modules\\@emotion\\.utils-heei0DP2',
179 silly reify   'C:\\Evangadi\\Phase-4\\GroupFIle\\Evangadi-Forum-G2\\node_modules\\@emotion\\weak-memoize': 'C:\\Evangadi\\Phase-4\\GroupFIle\\Evangadi-Forum-G2\\node_modules\\@emotion\\.weak-memoize-hf5DonDG',
179 silly reify   'C:\\Evangadi\\Phase-4\\GroupFIle\\Evangadi-Forum-G2\\node_modules\\@popperjs\\core': 'C:\\Evangadi\\Phase-4\\GroupFIle\\Evangadi-Forum-G2\\node_modules\\@popperjs\\.core-T8uyxmEt',
179 silly reify   'C:\\Evangadi\\Phase-4\\GroupFIle\\Evangadi-Forum-G2\\node_modules\\@types\\prop-types': 'C:\\Evangadi\\Phase-4\\GroupFIle\\Evangadi-Forum-G2\\node_modules\\@types\\.prop-types-QpXgT2cU',
179 silly reify   'C:\\Evangadi\\Phase-4\\GroupFIle\\Evangadi-Forum-G2\\node_modules\\@types\\react': 'C:\\Evangadi\\Phase-4\\GroupFIle\\Evangadi-Forum-G2\\node_modules\\@types\\.react-bDF3GWaL',
179 silly reify   'C:\\Evangadi\\Phase-4\\GroupFIle\\Evangadi-Forum-G2\\node_modules\\@types\\react-transition-group': 'C:\\Evangadi\\Phase-4\\GroupFIle\\Evangadi-Forum-G2\\node_modules\\@types\\.react-transition-group-35awCutf',
179 silly reify   'C:\\Evangadi\\Phase-4\\GroupFIle\\Evangadi-Forum-G2\\node_modules\\@mui\\material': 'C:\\Evangadi\\Phase-4\\GroupFIle\\Evangadi-Forum-G2\\node_modules\\@mui\\.material-KO3Mj18k',
179 silly reify   'C:\\Evangadi\\Phase-4\\GroupFIle\\Evangadi-Forum-G2\\node_modules\\@mui\\styled-engine': 'C:\\Evangadi\\Phase-4\\GroupFIle\\Evangadi-Forum-G2\\node_modules\\@mui\\.styled-engine-PVcI7wGO',
179 silly reify   'C:\\Evangadi\\Phase-4\\GroupFIle\\Evangadi-Forum-G2\\node_modules\\@mui\\private-theming': 'C:\\Evangadi\\Phase-4\\GroupFIle\\Evangadi-Forum-G2\\node_modules\\@mui\\.private-theming-nufX6heb',
179 silly reify   'C:\\Evangadi\\Phase-4\\GroupFIle\\Evangadi-Forum-G2\\node_modules\\@mui\\core-downloads-tracker': 'C:\\Evangadi\\Phase-4\\GroupFIle\\Evangadi-Forum-G2\\node_modules\\@mui\\.core-downloads-tracker-cze0KuqF',
179 silly reify   'C:\\Evangadi\\Phase-4\\GroupFIle\\Evangadi-Forum-G2\\node_modules\\@mui\\icons-material': 'C:\\Evangadi\\Phase-4\\GroupFIle\\Evangadi-Forum-G2\\node_modules\\@mui\\.icons-material-Q1gyrA3J',
179 silly reify   'C:\\Evangadi\\Phase-4\\GroupFIle\\Evangadi-Forum-G2\\node_modules\\@mui\\types': 'C:\\Evangadi\\Phase-4\\GroupFIle\\Evangadi-Forum-G2\\node_modules\\@mui\\.types-zQ6WLKTk',
179 silly reify   'C:\\Evangadi\\Phase-4\\GroupFIle\\Evangadi-Forum-G2\\node_modules\\@mui\\system': 'C:\\Evangadi\\Phase-4\\GroupFIle\\Evangadi-Forum-G2\\node_modules\\@mui\\.system-KcSF3Yvw',
179 silly reify   'C:\\Evangadi\\Phase-4\\GroupFIle\\Evangadi-Forum-G2\\node_modules\\@mui\\utils': 'C:\\Evangadi\\Phase-4\\GroupFIle\\Evangadi-Forum-G2\\node_modules\\@mui\\.utils-Se5UpAju'
179 silly reify }
180 timing reify:retireShallow Completed in 83ms
181 timing reify:createSparse Completed in 10ms
182 timing reify:loadBundles Completed in 0ms
183 silly audit bulk request {
183 silly audit   '@babel/runtime': [ '7.25.0' ],
183 silly audit   '@mapbox/node-pre-gyp': [ '1.0.11' ],
183 silly audit   abbrev: [ '1.1.1' ],
183 silly audit   accepts: [ '1.3.8' ],
183 silly audit   'agent-base': [ '6.0.2' ],
183 silly audit   debug: [ '4.3.4', '2.6.9', '4.3.6' ],
183 silly audit   ms: [ '2.1.2', '2.1.3', '2.0.0' ],
183 silly audit   'ansi-regex': [ '5.0.1' ],
183 silly audit   'ansi-styles': [ '4.3.0' ],
183 silly audit   anymatch: [ '3.1.3' ],
183 silly audit   aproba: [ '2.0.0' ],
183 silly audit   'are-we-there-yet': [ '2.0.0' ],
183 silly audit   'array-flatten': [ '1.1.1' ],
183 silly audit   'balanced-match': [ '1.0.2' ],
183 silly audit   bcrypt: [ '5.1.1' ],
183 silly audit   'binary-extensions': [ '2.3.0' ],
183 silly audit   'body-parser': [ '1.20.2' ],
183 silly audit   'iconv-lite': [ '0.4.24', '0.6.3' ],
183 silly audit   'brace-expansion': [ '1.1.11' ],
183 silly audit   braces: [ '3.0.3' ],
183 silly audit   'buffer-equal-constant-time': [ '1.0.1' ],
183 silly audit   bytes: [ '3.1.2' ],
183 silly audit   'call-bind': [ '1.0.7' ],
183 silly audit   chalk: [ '4.1.2' ],
183 silly audit   'supports-color': [ '7.2.0', '5.5.0', '8.1.1' ],
183 silly audit   charenc: [ '0.0.2' ],
183 silly audit   chokidar: [ '3.6.0' ],
183 silly audit   chownr: [ '2.0.0' ],
183 silly audit   cliui: [ '8.0.1' ],
183 silly audit   'color-convert': [ '2.0.1' ],
183 silly audit   'color-name': [ '1.1.4' ],
183 silly audit   'color-support': [ '1.1.3' ],
183 silly audit   'concat-map': [ '0.0.1' ],
183 silly audit   concurrently: [ '8.2.2' ],
183 silly audit   'console-control-strings': [ '1.1.0' ],
183 silly audit   'content-disposition': [ '0.5.4' ],
183 silly audit   'content-type': [ '1.0.5' ],
183 silly audit   cookie: [ '0.6.0', '0.4.1' ],
183 silly audit   'cookie-parser': [ '1.4.6' ],
183 silly audit   'cookie-signature': [ '1.0.6' ],
183 silly audit   'core-js-pure': [ '3.38.0' ],
183 silly audit   cors: [ '2.8.5' ],
183 silly audit   crypt: [ '0.0.2' ],
183 silly audit   'date-fns': [ '2.30.0' ],
183 silly audit   'define-data-property': [ '1.1.4' ],
183 silly audit   delegates: [ '1.0.0' ],
183 silly audit   denque: [ '2.1.0' ],
183 silly audit   depd: [ '2.0.0' ],
183 silly audit   destroy: [ '1.2.0' ],
183 silly audit   'detect-libc': [ '2.0.3' ],
183 silly audit   dotenv: [ '16.4.5' ],
183 silly audit   'ecdsa-sig-formatter': [ '1.0.11' ],
183 silly audit   'ee-first': [ '1.1.1' ],
183 silly audit   'emoji-regex': [ '8.0.0' ],
183 silly audit   encodeurl: [ '1.0.2' ],
183 silly audit   'es-define-property': [ '1.0.0' ],
183 silly audit   'es-errors': [ '1.3.0' ],
183 silly audit   escalade: [ '3.1.2' ],
183 silly audit   'escape-html': [ '1.0.3' ],
183 silly audit   etag: [ '1.8.1' ],
183 silly audit   express: [ '4.19.2' ],
183 silly audit   'fill-range': [ '7.1.1' ],
183 silly audit   finalhandler: [ '1.2.0' ],
183 silly audit   forwarded: [ '0.2.0' ],
183 silly audit   fresh: [ '0.5.2' ],
183 silly audit   'fs-minipass': [ '2.1.0' ],
183 silly audit   minipass: [ '3.3.6', '5.0.0' ],
183 silly audit   'fs.realpath': [ '1.0.0' ],
183 silly audit   fsevents: [ '2.3.3' ],
183 silly audit   'function-bind': [ '1.1.2' ],
183 silly audit   gauge: [ '3.0.2' ],
183 silly audit   'generate-function': [ '2.3.1' ],
183 silly audit   'get-caller-file': [ '2.0.5' ],
183 silly audit   'get-intrinsic': [ '1.2.4' ],
183 silly audit   glob: [ '7.2.3' ],
183 silly audit   'glob-parent': [ '5.1.2' ],
183 silly audit   gopd: [ '1.0.1' ],
183 silly audit   'has-flag': [ '4.0.0', '3.0.0' ],
183 silly audit   'has-property-descriptors': [ '1.0.2' ],
183 silly audit   'has-proto': [ '1.0.3' ],
183 silly audit   'has-symbols': [ '1.0.3' ],
183 silly audit   'has-unicode': [ '2.0.1' ],
183 silly audit   hasown: [ '2.0.2' ],
183 silly audit   'http-errors': [ '2.0.0' ],
183 silly audit   'http-status-codes': [ '2.3.0' ],
183 silly audit   'https-proxy-agent': [ '5.0.1' ],
183 silly audit   'ignore-by-default': [ '1.0.1' ],
183 silly audit   inflight: [ '1.0.6' ],
183 silly audit   inherits: [ '2.0.4' ],
183 silly audit   'ipaddr.js': [ '1.9.1' ],
183 silly audit   'is-binary-path': [ '2.1.0' ],
183 silly audit   'is-buffer': [ '1.1.6' ],
183 silly audit   'is-extglob': [ '2.1.1' ],
183 silly audit   'is-fullwidth-code-point': [ '3.0.0' ],
183 silly audit   'is-glob': [ '4.0.3' ],
183 silly audit   'is-number': [ '7.0.0' ],
183 silly audit   'is-property': [ '1.0.2' ],
183 silly audit   'is-retina': [ '1.0.3' ],
183 silly audit   'js-tokens': [ '4.0.0' ],
183 silly audit   jsonwebtoken: [ '9.0.2' ],
183 silly audit   jwa: [ '1.4.1' ],
183 silly audit   jws: [ '3.2.2' ],
183 silly audit   lodash: [ '4.17.21' ],
183 silly audit   'lodash.includes': [ '4.3.0' ],
183 silly audit   'lodash.isboolean': [ '3.0.3' ],
183 silly audit   'lodash.isinteger': [ '4.0.4' ],
183 silly audit   'lodash.isnumber': [ '3.0.3' ],
183 silly audit   'lodash.isplainobject': [ '4.0.6' ],
183 silly audit   'lodash.isstring': [ '4.0.1' ],
183 silly audit   'lodash.once': [ '4.1.1' ],
183 silly audit   long: [ '5.2.3' ],
183 silly audit   'loose-envify': [ '1.4.0' ],
183 silly audit   'lru-cache': [ '8.0.5', '7.18.3' ],
183 silly audit   'make-dir': [ '3.1.0' ],
183 silly audit   semver: [ '6.3.1', '7.6.2' ],
183 silly audit   md5: [ '2.3.0' ],
183 silly audit   'media-typer': [ '0.3.0' ],
183 silly audit   'merge-descriptors': [ '1.0.1' ],
183 silly audit   methods: [ '1.1.2' ],
183 silly audit   mime: [ '1.6.0' ],
183 silly audit   'mime-db': [ '1.52.0' ],
183 silly audit   'mime-types': [ '2.1.35' ],
183 silly audit   minimatch: [ '3.1.2' ],
183 silly audit   minizlib: [ '2.1.2' ],
183 silly audit   mkdirp: [ '1.0.4' ],
183 silly audit   mysql2: [ '3.9.8' ],
183 silly audit   'named-placeholders': [ '1.1.3' ],
183 silly audit   negotiator: [ '0.6.3' ],
183 silly audit   'node-addon-api': [ '5.1.0' ],
183 silly audit   'node-fetch': [ '2.7.0' ],
183 silly audit   nodemon: [ '3.1.4' ],
183 silly audit   nopt: [ '5.0.0' ],
183 silly audit   'normalize-path': [ '3.0.0' ],
183 silly audit   npmlog: [ '5.0.1' ],
183 silly audit   'object-assign': [ '4.1.1' ],
183 silly audit   'object-inspect': [ '1.13.1' ],
183 silly audit   'on-finished': [ '2.4.1' ],
183 silly audit   once: [ '1.4.0' ],
183 silly audit   parseurl: [ '1.3.3' ],
183 silly audit   'path-is-absolute': [ '1.0.1' ],
183 silly audit   'path-to-regexp': [ '0.1.7' ],
183 silly audit   picomatch: [ '2.3.1' ],
183 silly audit   'prop-types': [ '15.8.1' ],
183 silly audit   'proxy-addr': [ '2.0.7' ],
183 silly audit   'pstree.remy': [ '1.1.8' ],
183 silly audit   qs: [ '6.11.0' ],
183 silly audit   'range-parser': [ '1.2.1' ],
183 silly audit   'raw-body': [ '2.5.2' ],
183 silly audit   react: [ '18.3.1' ],
183 silly audit   'react-avatar': [ '5.0.3' ],
183 silly audit   'react-is': [ '16.13.1', '18.3.1' ],
183 silly audit   'readable-stream': [ '3.6.2' ],
183 silly audit   readdirp: [ '3.6.0' ],
183 silly audit   'regenerator-runtime': [ '0.14.1' ],
183 silly audit   'require-directory': [ '2.1.1' ],
183 silly audit   rimraf: [ '3.0.2' ],
183 silly audit   rxjs: [ '7.8.1' ],
183 silly audit   'safe-buffer': [ '5.2.1' ],
183 silly audit   'safer-buffer': [ '2.1.2' ],
183 silly audit   send: [ '0.18.0' ],
183 silly audit   'seq-queue': [ '0.0.5' ],
183 silly audit   'serve-static': [ '1.15.0' ],
183 silly audit   'set-blocking': [ '2.0.0' ],
183 silly audit   'set-function-length': [ '1.2.2' ],
183 silly audit   setprototypeof: [ '1.2.0' ],
183 silly audit   'shell-quote': [ '1.8.1' ],
183 silly audit   'side-channel': [ '1.0.6' ],
183 silly audit   'signal-exit': [ '3.0.7' ],
183 silly audit   'simple-update-notifier': [ '2.0.0' ],
183 silly audit   'spawn-command': [ '0.0.2' ],
183 silly audit   sqlstring: [ '2.3.3' ],
183 silly audit   statuses: [ '2.0.1' ],
183 silly audit   string_decoder: [ '1.3.0' ],
183 silly audit   'string-width': [ '4.2.3' ],
183 silly audit   'strip-ansi': [ '6.0.1' ],
183 silly audit   tar: [ '6.2.1' ],
183 silly audit   'to-regex-range': [ '5.0.1' ],
183 silly audit   toidentifier: [ '1.0.1' ],
183 silly audit   touch: [ '3.1.1' ],
183 silly audit   tr46: [ '0.0.3' ],
183 silly audit   'tree-kill': [ '1.2.2' ],
183 silly audit   tslib: [ '2.6.3' ],
183 silly audit   'type-is': [ '1.6.18' ],
183 silly audit   undefsafe: [ '2.0.5' ],
183 silly audit   unpipe: [ '1.0.0' ],
183 silly audit   'util-deprecate': [ '1.0.2' ],
183 silly audit   'utils-merge': [ '1.0.1' ],
183 silly audit   vary: [ '1.1.2' ],
183 silly audit   'webidl-conversions': [ '3.0.1' ],
183 silly audit   'whatwg-url': [ '5.0.0' ],
183 silly audit   'wide-align': [ '1.1.5' ],
183 silly audit   'wrap-ansi': [ '7.0.0' ],
183 silly audit   wrappy: [ '1.0.2' ],
183 silly audit   y18n: [ '5.0.8' ],
183 silly audit   yallist: [ '4.0.0' ],
183 silly audit   yargs: [ '17.7.2' ],
183 silly audit   'yargs-parser': [ '21.1.1' ],
183 silly audit   '@mui/icons-material': [ '5.16.6' ],
183 silly audit   '@mui/material': [ '5.16.6' ],
183 silly audit   'react-dom': [ '18.3.1' ],
183 silly audit   '@mui/core-downloads-tracker': [ '5.16.6' ],
183 silly audit   '@mui/system': [ '5.16.6' ],
183 silly audit   '@mui/types': [ '7.2.15' ],
183 silly audit   '@mui/utils': [ '5.16.6' ],
183 silly audit   '@popperjs/core': [ '2.11.8' ],
183 silly audit   '@types/react-transition-group': [ '4.4.10' ],
183 silly audit   clsx: [ '2.1.1' ],
183 silly audit   csstype: [ '3.1.3' ],
183 silly audit   'react-transition-group': [ '4.4.5' ],
183 silly audit   '@mui/private-theming': [ '5.16.6' ],
183 silly audit   '@mui/styled-engine': [ '5.16.6' ],
183 silly audit   '@emotion/cache': [ '11.13.1' ],
183 silly audit   '@emotion/memoize': [ '0.9.0' ],
183 silly audit   '@emotion/sheet': [ '1.4.0' ],
183 silly audit   '@emotion/utils': [ '1.4.0' ],
183 silly audit   '@emotion/weak-memoize': [ '0.4.0' ],
183 silly audit   stylis: [ '4.2.0' ],
183 silly audit   '@types/prop-types': [ '15.7.12' ],
183 silly audit   '@types/react': [ '18.3.3' ],
183 silly audit   scheduler: [ '0.23.2' ],
183 silly audit   'dom-helpers': [ '5.2.1' ]
183 silly audit }
184 verbose reify failed optional dependency C:\Evangadi\Phase-4\GroupFIle\Evangadi-Forum-G2\node_modules\fsevents
185 silly reify mark deleted [
185 silly reify   'C:\\Evangadi\\Phase-4\\GroupFIle\\Evangadi-Forum-G2\\node_modules\\fsevents'
185 silly reify ]
186 timing reifyNode:node_modules/fsevents Completed in 85ms
187 silly tarball no local data for @mui/icons-material@https://registry.npmjs.org/@mui/icons-material/-/icons-material-5.16.6.tgz. Extracting by manifest.
188 http fetch POST 200 https://registry.npmjs.org/-/npm/v1/security/advisories/bulk 531ms
189 timing auditReport:getReport Completed in 537ms
190 silly audit report {}
191 timing auditReport:init Completed in 0ms
192 timing reify:audit Completed in 540ms
193 timing reifyNode:node_modules/@mui/core-downloads-tracker Completed in 528ms
194 timing reifyNode:node_modules/@types/prop-types Completed in 541ms
195 timing reifyNode:node_modules/@mui/types Completed in 563ms
196 timing reifyNode:node_modules/@mui/material/node_modules/react-is Completed in 617ms
197 timing reifyNode:node_modules/@mui/utils/node_modules/react-is Completed in 620ms
198 timing reifyNode:node_modules/@types/react-transition-group Completed in 627ms
199 timing reifyNode:node_modules/clsx Completed in 631ms
200 timing reifyNode:node_modules/@emotion/memoize Completed in 686ms
201 timing reifyNode:node_modules/@emotion/weak-memoize Completed in 692ms
202 timing reifyNode:node_modules/@emotion/sheet Completed in 693ms
203 timing reifyNode:node_modules/stylis Completed in 714ms
204 timing reifyNode:node_modules/scheduler Completed in 717ms
205 timing reifyNode:node_modules/@emotion/utils Completed in 730ms
206 timing reifyNode:node_modules/csstype Completed in 732ms
207 timing reifyNode:node_modules/@types/react Completed in 741ms
208 timing reifyNode:node_modules/@mui/styled-engine Completed in 886ms
209 timing reifyNode:node_modules/react-transition-group Completed in 885ms
210 timing reifyNode:node_modules/@emotion/cache Completed in 905ms
211 timing reifyNode:node_modules/@mui/private-theming Completed in 920ms
212 timing reifyNode:node_modules/react-dom Completed in 1072ms
213 timing reifyNode:node_modules/dom-helpers Completed in 1767ms
214 timing reifyNode:node_modules/@popperjs/core Completed in 1851ms
215 timing reifyNode:node_modules/@mui/system Completed in 2302ms
216 timing reifyNode:node_modules/@mui/utils Completed in 2802ms
217 timing reifyNode:node_modules/@mui/material Completed in 10142ms
