0 verbose cli C:\Program Files\nodejs\node.exe C:\Program Files\nodejs\node_modules\npm\bin\npm-cli.js
1 info using npm@10.5.2
2 info using node@v20.13.1
3 timing npm:load:whichnode Completed in 3ms
4 timing config:load:defaults Completed in 3ms
5 timing config:load:file:C:\Program Files\nodejs\node_modules\npm\npmrc Completed in 3ms
6 timing config:load:builtin Completed in 3ms
7 timing config:load:cli Completed in 3ms
8 timing config:load:env Completed in 1ms
9 timing config:load:file:C:\Evangadi\Phase-4\GroupFIle\Evangadi-Forum-G2\.npmrc Completed in 1ms
10 timing config:load:project Completed in 4ms
11 timing config:load:file:C:\Users\henok\.npmrc Completed in 1ms
12 timing config:load:user Completed in 2ms
13 timing config:load:file:C:\Evangadi\Phase-4\GroupFIle\Evangadi-Forum-G2\UsershenokAppDataRoamingnpm\etc\npmrc Completed in 0ms
14 timing config:load:global Completed in 0ms
15 timing config:load:setEnvs Completed in 2ms
16 timing config:load Completed in 18ms
17 timing npm:load:configload Completed in 18ms
18 timing config:load:flatten Completed in 3ms
19 timing npm:load:mkdirpcache Completed in 1ms
20 timing npm:load:mkdirplogs Completed in 1ms
21 verbose title npm i react-avator
22 verbose argv "i" "react-avator"
23 timing npm:load:setTitle Completed in 1ms
24 timing npm:load:display Completed in 1ms
25 verbose logfile logs-max:10 dir:C:\Evangadi\Phase-4\GroupFIle\Evangadi-Forum-G2\UsershenokAppDataLocalnpm-cache\_logs\2024-08-05T21_20_40_349Z-
26 verbose logfile C:\Evangadi\Phase-4\GroupFIle\Evangadi-Forum-G2\UsershenokAppDataLocalnpm-cache\_logs\2024-08-05T21_20_40_349Z-debug-0.log
27 timing npm:load:logFile Completed in 5ms
28 timing npm:load:timers Completed in 0ms
29 timing npm:load:configScope Completed in 0ms
30 timing npm:load Completed in 73ms
31 timing arborist:ctor Completed in 0ms
32 silly logfile done cleaning log files
33 timing idealTree:init Completed in 191ms
34 timing idealTree:userRequests Completed in 2ms
35 silly idealTree buildDeps
36 silly fetch manifest react-avator@*
37 timing arborist:ctor Completed in 1ms
38 http fetch GET 200 https://registry.npmjs.org/npm 433ms
39 http fetch GET 404 https://registry.npmjs.org/react-avator 631ms (cache skip)
40 silly placeDep ROOT react-avator@ OK for: server@1.0.0 want: *
41 timing idealTree:#root Completed in 643ms
42 timing idealTree:node_modules/react-avator Completed in 0ms
43 timing idealTree:buildDeps Completed in 645ms
44 timing idealTree:fixDepFlags Completed in 4ms
45 timing idealTree Completed in 844ms
46 timing command:i Completed in 939ms
47 notice
47 notice New [33mminor[39m version of npm available! [31m10.5.2[39m -> [32m10.8.2[39m
47 notice Changelog: [36mhttps://github.com/npm/cli/releases/tag/v10.8.2[39m
47 notice Run [32mnpm install -g npm@10.8.2[39m to update!
47 notice
48 verbose stack HttpErrorGeneral: 404 Not Found - GET https://registry.npmjs.org/react-avator - Not found
48 verbose stack     at C:\Program Files\nodejs\node_modules\npm\node_modules\npm-registry-fetch\lib\check-response.js:95:15
48 verbose stack     at process.processTicksAndRejections (node:internal/process/task_queues:95:5)
48 verbose stack     at async RegistryFetcher.packument (C:\Program Files\nodejs\node_modules\npm\node_modules\pacote\lib\registry.js:91:19)
48 verbose stack     at async RegistryFetcher.manifest (C:\Program Files\nodejs\node_modules\npm\node_modules\pacote\lib\registry.js:129:23)
48 verbose stack     at async #nodeFromEdge (C:\Program Files\nodejs\node_modules\npm\node_modules\@npmcli\arborist\lib\arborist\build-ideal-tree.js:1056:19)
48 verbose stack     at async #buildDepStep (C:\Program Files\nodejs\node_modules\npm\node_modules\@npmcli\arborist\lib\arborist\build-ideal-tree.js:924:11)
48 verbose stack     at async Arborist.buildIdealTree (C:\Program Files\nodejs\node_modules\npm\node_modules\@npmcli\arborist\lib\arborist\build-ideal-tree.js:203:7)
48 verbose stack     at async Promise.all (index 1)
48 verbose stack     at async Arborist.reify (C:\Program Files\nodejs\node_modules\npm\node_modules\@npmcli\arborist\lib\arborist\reify.js:154:5)
48 verbose stack     at async Install.exec (C:\Program Files\nodejs\node_modules\npm\lib\commands\install.js:153:5)
49 verbose statusCode 404
50 verbose pkgid react-avator@*
51 verbose cwd C:\Evangadi\Phase-4\GroupFIle\Evangadi-Forum-G2
52 verbose Windows_NT 10.0.22631
53 verbose node v20.13.1
54 verbose npm  v10.5.2
55 error code E404
56 error 404 Not Found - GET https://registry.npmjs.org/react-avator - Not found
57 error 404
58 error 404  'react-avator@*' is not in this registry.
59 error 404
59 error 404 Note that you can also install from a
60 error 404 tarball, folder, http url, or git url.
61 verbose exit 1
62 timing npm Completed in 1661ms
63 verbose unfinished npm timer reify 1722892841039
64 verbose unfinished npm timer reify:loadTrees 1722892841127
65 verbose code 1
66 error A complete log of this run can be found in: C:\Evangadi\Phase-4\GroupFIle\Evangadi-Forum-G2\UsershenokAppDataLocalnpm-cache\_logs\2024-08-05T21_20_40_349Z-debug-0.log
