0 verbose cli C:\Program Files\nodejs\node.exe C:\Program Files\nodejs\node_modules\npm\bin\npm-cli.js
1 info using npm@10.5.2
2 info using node@v20.13.1
3 timing npm:load:whichnode Completed in 2ms
4 timing config:load:defaults Completed in 1ms
5 timing config:load:file:C:\Program Files\nodejs\node_modules\npm\npmrc Completed in 2ms
6 timing config:load:builtin Completed in 2ms
7 timing config:load:cli Completed in 1ms
8 timing config:load:env Completed in 0ms
9 timing config:load:file:C:\Evangadi\Phase-4\GroupFIle\Evangadi-Forum-G2\.npmrc Completed in 0ms
10 timing config:load:project Completed in 2ms
11 timing config:load:file:C:\Users\henok\.npmrc Completed in 0ms
12 timing config:load:user Completed in 0ms
13 timing config:load:file:C:\Evangadi\Phase-4\GroupFIle\Evangadi-Forum-G2\UsershenokAppDataRoamingnpm\etc\npmrc Completed in 0ms
14 timing config:load:global Completed in 0ms
15 timing config:load:setEnvs Completed in 0ms
16 timing config:load Completed in 7ms
17 timing npm:load:configload Completed in 8ms
18 timing config:load:flatten Completed in 1ms
19 timing npm:load:mkdirpcache Completed in 1ms
20 timing npm:load:mkdirplogs Completed in 0ms
21 verbose title npm install cors
22 verbose argv "install" "cors"
23 timing npm:load:setTitle Completed in 1ms
24 timing npm:load:display Completed in 0ms
25 verbose logfile logs-max:10 dir:C:\Evangadi\Phase-4\GroupFIle\Evangadi-Forum-G2\UsershenokAppDataLocalnpm-cache\_logs\2024-07-29T02_24_13_331Z-
26 verbose logfile C:\Evangadi\Phase-4\GroupFIle\Evangadi-Forum-G2\UsershenokAppDataLocalnpm-cache\_logs\2024-07-29T02_24_13_331Z-debug-0.log
27 timing npm:load:logFile Completed in 5ms
28 timing npm:load:timers Completed in 0ms
29 timing npm:load:configScope Completed in 0ms
30 timing npm:load Completed in 37ms
31 timing arborist:ctor Completed in 1ms
32 silly logfile done cleaning log files
33 timing idealTree:init Completed in 43ms
34 timing idealTree:userRequests Completed in 1ms
35 silly idealTree buildDeps
36 silly fetch manifest cors@^2.8.5
37 http fetch GET 200 https://registry.npmjs.org/cors 104ms (cache miss)
38 silly placeDep ROOT cors@2.8.5 REPLACE for: server@1.0.0 want: ^2.8.5
39 timing idealTree:#root Completed in 112ms
40 timing idealTree:node_modules/cors Completed in 0ms
41 timing idealTree:buildDeps Completed in 113ms
42 timing idealTree:fixDepFlags Completed in 3ms
43 timing idealTree Completed in 163ms
44 timing reify:loadTrees Completed in 163ms
45 timing reify:diffTrees Completed in 2ms
46 silly reify moves {}
47 timing reify:retireShallow Completed in 1ms
48 http fetch GET 200 https://registry.npmjs.org/npm 215ms
49 timing reify:createSparse Completed in 57ms
50 timing reify:loadBundles Completed in 0ms
51 silly audit bulk request {
51 silly audit   '@babel/runtime': [ '7.25.0' ],
51 silly audit   '@mapbox/node-pre-gyp': [ '1.0.11' ],
51 silly audit   abbrev: [ '1.1.1' ],
51 silly audit   accepts: [ '1.3.8' ],
51 silly audit   'agent-base': [ '6.0.2' ],
51 silly audit   debug: [ '4.3.4', '2.6.9', '4.3.6' ],
51 silly audit   ms: [ '2.1.2', '2.1.3', '2.0.0' ],
51 silly audit   'ansi-regex': [ '5.0.1' ],
51 silly audit   'ansi-styles': [ '4.3.0' ],
51 silly audit   anymatch: [ '3.1.3' ],
51 silly audit   aproba: [ '2.0.0' ],
51 silly audit   'are-we-there-yet': [ '2.0.0' ],
51 silly audit   'array-flatten': [ '1.1.1' ],
51 silly audit   'balanced-match': [ '1.0.2' ],
51 silly audit   bcrypt: [ '5.1.1' ],
51 silly audit   'binary-extensions': [ '2.3.0' ],
51 silly audit   'body-parser': [ '1.20.2' ],
51 silly audit   'iconv-lite': [ '0.4.24', '0.6.3' ],
51 silly audit   'brace-expansion': [ '1.1.11' ],
51 silly audit   braces: [ '3.0.3' ],
51 silly audit   'buffer-equal-constant-time': [ '1.0.1' ],
51 silly audit   bytes: [ '3.1.2' ],
51 silly audit   'call-bind': [ '1.0.7' ],
51 silly audit   chalk: [ '4.1.2' ],
51 silly audit   'supports-color': [ '7.2.0', '5.5.0', '8.1.1' ],
51 silly audit   chokidar: [ '3.6.0' ],
51 silly audit   chownr: [ '2.0.0' ],
51 silly audit   cliui: [ '8.0.1' ],
51 silly audit   'color-convert': [ '2.0.1' ],
51 silly audit   'color-name': [ '1.1.4' ],
51 silly audit   'color-support': [ '1.1.3' ],
51 silly audit   'concat-map': [ '0.0.1' ],
51 silly audit   concurrently: [ '8.2.2' ],
51 silly audit   'console-control-strings': [ '1.1.0' ],
51 silly audit   'content-disposition': [ '0.5.4' ],
51 silly audit   'content-type': [ '1.0.5' ],
51 silly audit   cookie: [ '0.6.0' ],
51 silly audit   'cookie-signature': [ '1.0.6' ],
51 silly audit   'date-fns': [ '2.30.0' ],
51 silly audit   'define-data-property': [ '1.1.4' ],
51 silly audit   delegates: [ '1.0.0' ],
51 silly audit   denque: [ '2.1.0' ],
51 silly audit   depd: [ '2.0.0' ],
51 silly audit   destroy: [ '1.2.0' ],
51 silly audit   'detect-libc': [ '2.0.3' ],
51 silly audit   dotenv: [ '16.4.5' ],
51 silly audit   'ecdsa-sig-formatter': [ '1.0.11' ],
51 silly audit   'ee-first': [ '1.1.1' ],
51 silly audit   'emoji-regex': [ '8.0.0' ],
51 silly audit   encodeurl: [ '1.0.2' ],
51 silly audit   'es-define-property': [ '1.0.0' ],
51 silly audit   'es-errors': [ '1.3.0' ],
51 silly audit   escalade: [ '3.1.2' ],
51 silly audit   'escape-html': [ '1.0.3' ],
51 silly audit   etag: [ '1.8.1' ],
51 silly audit   express: [ '4.19.2' ],
51 silly audit   'fill-range': [ '7.1.1' ],
51 silly audit   finalhandler: [ '1.2.0' ],
51 silly audit   forwarded: [ '0.2.0' ],
51 silly audit   fresh: [ '0.5.2' ],
51 silly audit   'fs-minipass': [ '2.1.0' ],
51 silly audit   minipass: [ '3.3.6', '5.0.0' ],
51 silly audit   'fs.realpath': [ '1.0.0' ],
51 silly audit   fsevents: [ '2.3.3' ],
51 silly audit   'function-bind': [ '1.1.2' ],
51 silly audit   gauge: [ '3.0.2' ],
51 silly audit   'generate-function': [ '2.3.1' ],
51 silly audit   'get-caller-file': [ '2.0.5' ],
51 silly audit   'get-intrinsic': [ '1.2.4' ],
51 silly audit   glob: [ '7.2.3' ],
51 silly audit   'glob-parent': [ '5.1.2' ],
51 silly audit   gopd: [ '1.0.1' ],
51 silly audit   'has-flag': [ '4.0.0', '3.0.0' ],
51 silly audit   'has-property-descriptors': [ '1.0.2' ],
51 silly audit   'has-proto': [ '1.0.3' ],
51 silly audit   'has-symbols': [ '1.0.3' ],
51 silly audit   'has-unicode': [ '2.0.1' ],
51 silly audit   hasown: [ '2.0.2' ],
51 silly audit   'http-errors': [ '2.0.0' ],
51 silly audit   'http-status-codes': [ '2.3.0' ],
51 silly audit   'https-proxy-agent': [ '5.0.1' ],
51 silly audit   'ignore-by-default': [ '1.0.1' ],
51 silly audit   inflight: [ '1.0.6' ],
51 silly audit   inherits: [ '2.0.4' ],
51 silly audit   'ipaddr.js': [ '1.9.1' ],
51 silly audit   'is-binary-path': [ '2.1.0' ],
51 silly audit   'is-extglob': [ '2.1.1' ],
51 silly audit   'is-fullwidth-code-point': [ '3.0.0' ],
51 silly audit   'is-glob': [ '4.0.3' ],
51 silly audit   'is-number': [ '7.0.0' ],
51 silly audit   'is-property': [ '1.0.2' ],
51 silly audit   jsonwebtoken: [ '9.0.2' ],
51 silly audit   jwa: [ '1.4.1' ],
51 silly audit   jws: [ '3.2.2' ],
51 silly audit   lodash: [ '4.17.21' ],
51 silly audit   'lodash.includes': [ '4.3.0' ],
51 silly audit   'lodash.isboolean': [ '3.0.3' ],
51 silly audit   'lodash.isinteger': [ '4.0.4' ],
51 silly audit   'lodash.isnumber': [ '3.0.3' ],
51 silly audit   'lodash.isplainobject': [ '4.0.6' ],
51 silly audit   'lodash.isstring': [ '4.0.1' ],
51 silly audit   'lodash.once': [ '4.1.1' ],
51 silly audit   long: [ '5.2.3' ],
51 silly audit   'lru-cache': [ '8.0.5', '7.18.3' ],
51 silly audit   'make-dir': [ '3.1.0' ],
51 silly audit   semver: [ '6.3.1', '7.6.2' ],
51 silly audit   'media-typer': [ '0.3.0' ],
51 silly audit   'merge-descriptors': [ '1.0.1' ],
51 silly audit   methods: [ '1.1.2' ],
51 silly audit   mime: [ '1.6.0' ],
51 silly audit   'mime-db': [ '1.52.0' ],
51 silly audit   'mime-types': [ '2.1.35' ],
51 silly audit   minimatch: [ '3.1.2' ],
51 silly audit   minizlib: [ '2.1.2' ],
51 silly audit   mkdirp: [ '1.0.4' ],
51 silly audit   mysql2: [ '3.9.8' ],
51 silly audit   'named-placeholders': [ '1.1.3' ],
51 silly audit   negotiator: [ '0.6.3' ],
51 silly audit   'node-addon-api': [ '5.1.0' ],
51 silly audit   'node-fetch': [ '2.7.0' ],
51 silly audit   nodemon: [ '3.1.4' ],
51 silly audit   nopt: [ '5.0.0' ],
51 silly audit   'normalize-path': [ '3.0.0' ],
51 silly audit   npmlog: [ '5.0.1' ],
51 silly audit   'object-assign': [ '4.1.1' ],
51 silly audit   'object-inspect': [ '1.13.1' ],
51 silly audit   'on-finished': [ '2.4.1' ],
51 silly audit   once: [ '1.4.0' ],
51 silly audit   parseurl: [ '1.3.3' ],
51 silly audit   'path-is-absolute': [ '1.0.1' ],
51 silly audit   'path-to-regexp': [ '0.1.7' ],
51 silly audit   picomatch: [ '2.3.1' ],
51 silly audit   'proxy-addr': [ '2.0.7' ],
51 silly audit   'pstree.remy': [ '1.1.8' ],
51 silly audit   qs: [ '6.11.0' ],
51 silly audit   'range-parser': [ '1.2.1' ],
51 silly audit   'raw-body': [ '2.5.2' ],
51 silly audit   'readable-stream': [ '3.6.2' ],
51 silly audit   readdirp: [ '3.6.0' ],
51 silly audit   'regenerator-runtime': [ '0.14.1' ],
51 silly audit   'require-directory': [ '2.1.1' ],
51 silly audit   rimraf: [ '3.0.2' ],
51 silly audit   rxjs: [ '7.8.1' ],
51 silly audit   'safe-buffer': [ '5.2.1' ],
51 silly audit   'safer-buffer': [ '2.1.2' ],
51 silly audit   send: [ '0.18.0' ],
51 silly audit   'seq-queue': [ '0.0.5' ],
51 silly audit   'serve-static': [ '1.15.0' ],
51 silly audit   'set-blocking': [ '2.0.0' ],
51 silly audit   'set-function-length': [ '1.2.2' ],
51 silly audit   setprototypeof: [ '1.2.0' ],
51 silly audit   'shell-quote': [ '1.8.1' ],
51 silly audit   'side-channel': [ '1.0.6' ],
51 silly audit   'signal-exit': [ '3.0.7' ],
51 silly audit   'simple-update-notifier': [ '2.0.0' ],
51 silly audit   'spawn-command': [ '0.0.2' ],
51 silly audit   sqlstring: [ '2.3.3' ],
51 silly audit   statuses: [ '2.0.1' ],
51 silly audit   string_decoder: [ '1.3.0' ],
51 silly audit   'string-width': [ '4.2.3' ],
51 silly audit   'strip-ansi': [ '6.0.1' ],
51 silly audit   tar: [ '6.2.1' ],
51 silly audit   'to-regex-range': [ '5.0.1' ],
51 silly audit   toidentifier: [ '1.0.1' ],
51 silly audit   touch: [ '3.1.1' ],
51 silly audit   tr46: [ '0.0.3' ],
51 silly audit   'tree-kill': [ '1.2.2' ],
51 silly audit   tslib: [ '2.6.3' ],
51 silly audit   'type-is': [ '1.6.18' ],
51 silly audit   undefsafe: [ '2.0.5' ],
51 silly audit   unpipe: [ '1.0.0' ],
51 silly audit   'util-deprecate': [ '1.0.2' ],
51 silly audit   'utils-merge': [ '1.0.1' ],
51 silly audit   vary: [ '1.1.2' ],
51 silly audit   'webidl-conversions': [ '3.0.1' ],
51 silly audit   'whatwg-url': [ '5.0.0' ],
51 silly audit   'wide-align': [ '1.1.5' ],
51 silly audit   'wrap-ansi': [ '7.0.0' ],
51 silly audit   wrappy: [ '1.0.2' ],
51 silly audit   y18n: [ '5.0.8' ],
51 silly audit   yallist: [ '4.0.0' ],
51 silly audit   yargs: [ '17.7.2' ],
51 silly audit   'yargs-parser': [ '21.1.1' ],
51 silly audit   cors: [ '2.8.5' ]
51 silly audit }
52 verbose reify failed optional dependency C:\Evangadi\Phase-4\GroupFIle\Evangadi-Forum-G2\node_modules\fsevents
53 silly reify mark deleted [
53 silly reify   'C:\\Evangadi\\Phase-4\\GroupFIle\\Evangadi-Forum-G2\\node_modules\\fsevents'
53 silly reify ]
54 timing reifyNode:node_modules/fsevents Completed in 16ms
55 silly tarball no local data for cors@https://registry.npmjs.org/cors/-/cors-2.8.5.tgz. Extracting by manifest.
56 silly tarball no local data for yargs@https://registry.npmjs.org/yargs/-/yargs-17.7.2.tgz. Extracting by manifest.
57 silly tarball no local data for yargs-parser@https://registry.npmjs.org/yargs-parser/-/yargs-parser-21.1.1.tgz. Extracting by manifest.
58 silly tarball no local data for wrappy@https://registry.npmjs.org/wrappy/-/wrappy-1.0.2.tgz. Extracting by manifest.
59 silly tarball no local data for wide-align@https://registry.npmjs.org/wide-align/-/wide-align-1.1.5.tgz. Extracting by manifest.
60 silly tarball no local data for wrap-ansi@https://registry.npmjs.org/wrap-ansi/-/wrap-ansi-7.0.0.tgz. Extracting by manifest.
61 silly tarball no local data for yallist@https://registry.npmjs.org/yallist/-/yallist-4.0.0.tgz. Extracting by manifest.
62 silly tarball no local data for webidl-conversions@https://registry.npmjs.org/webidl-conversions/-/webidl-conversions-3.0.1.tgz. Extracting by manifest.
63 silly tarball no local data for whatwg-url@https://registry.npmjs.org/whatwg-url/-/whatwg-url-5.0.0.tgz. Extracting by manifest.
64 silly tarball no local data for vary@https://registry.npmjs.org/vary/-/vary-1.1.2.tgz. Extracting by manifest.
65 silly tarball no local data for y18n@https://registry.npmjs.org/y18n/-/y18n-5.0.8.tgz. Extracting by manifest.
66 silly tarball no local data for util-deprecate@https://registry.npmjs.org/util-deprecate/-/util-deprecate-1.0.2.tgz. Extracting by manifest.
67 silly tarball no local data for utils-merge@https://registry.npmjs.org/utils-merge/-/utils-merge-1.0.1.tgz. Extracting by manifest.
68 silly tarball no local data for tslib@https://registry.npmjs.org/tslib/-/tslib-2.6.3.tgz. Extracting by manifest.
69 silly tarball no local data for tree-kill@https://registry.npmjs.org/tree-kill/-/tree-kill-1.2.2.tgz. Extracting by manifest.
70 silly tarball no local data for tr46@https://registry.npmjs.org/tr46/-/tr46-0.0.3.tgz. Extracting by manifest.
71 silly tarball no local data for undefsafe@https://registry.npmjs.org/undefsafe/-/undefsafe-2.0.5.tgz. Extracting by manifest.
72 silly tarball no local data for type-is@https://registry.npmjs.org/type-is/-/type-is-1.6.18.tgz. Extracting by manifest.
73 silly tarball no local data for unpipe@https://registry.npmjs.org/unpipe/-/unpipe-1.0.0.tgz. Extracting by manifest.
74 silly tarball no local data for touch@https://registry.npmjs.org/touch/-/touch-3.1.1.tgz. Extracting by manifest.
75 silly tarball no local data for tar@https://registry.npmjs.org/tar/-/tar-6.2.1.tgz. Extracting by manifest.
76 silly tarball no local data for strip-ansi@https://registry.npmjs.org/strip-ansi/-/strip-ansi-6.0.1.tgz. Extracting by manifest.
77 silly tarball no local data for toidentifier@https://registry.npmjs.org/toidentifier/-/toidentifier-1.0.1.tgz. Extracting by manifest.
78 silly tarball no local data for supports-color@https://registry.npmjs.org/supports-color/-/supports-color-8.1.1.tgz. Extracting by manifest.
79 silly tarball no local data for statuses@https://registry.npmjs.org/statuses/-/statuses-2.0.1.tgz. Extracting by manifest.
80 silly tarball no local data for string-width@https://registry.npmjs.org/string-width/-/string-width-4.2.3.tgz. Extracting by manifest.
81 silly tarball no local data for string_decoder@https://registry.npmjs.org/string_decoder/-/string_decoder-1.3.0.tgz. Extracting by manifest.
82 silly tarball no local data for signal-exit@https://registry.npmjs.org/signal-exit/-/signal-exit-3.0.7.tgz. Extracting by manifest.
83 silly tarball no local data for sqlstring@https://registry.npmjs.org/sqlstring/-/sqlstring-2.3.3.tgz. Extracting by manifest.
84 silly tarball no local data for to-regex-range@https://registry.npmjs.org/to-regex-range/-/to-regex-range-5.0.1.tgz. Extracting by manifest.
85 silly tarball no local data for spawn-command@https://registry.npmjs.org/spawn-command/-/spawn-command-0.0.2.tgz. Extracting by manifest.
86 silly tarball no local data for simple-update-notifier@https://registry.npmjs.org/simple-update-notifier/-/simple-update-notifier-2.0.0.tgz. Extracting by manifest.
87 silly tarball no local data for side-channel@https://registry.npmjs.org/side-channel/-/side-channel-1.0.6.tgz. Extracting by manifest.
88 silly tarball no local data for shell-quote@https://registry.npmjs.org/shell-quote/-/shell-quote-1.8.1.tgz. Extracting by manifest.
89 silly tarball no local data for setprototypeof@https://registry.npmjs.org/setprototypeof/-/setprototypeof-1.2.0.tgz. Extracting by manifest.
90 silly tarball no local data for set-blocking@https://registry.npmjs.org/set-blocking/-/set-blocking-2.0.0.tgz. Extracting by manifest.
91 silly tarball no local data for seq-queue@https://registry.npmjs.org/seq-queue/-/seq-queue-0.0.5.tgz. Extracting by manifest.
92 silly tarball no local data for set-function-length@https://registry.npmjs.org/set-function-length/-/set-function-length-1.2.2.tgz. Extracting by manifest.
93 silly tarball no local data for serve-static@https://registry.npmjs.org/serve-static/-/serve-static-1.15.0.tgz. Extracting by manifest.
94 silly tarball no local data for safer-buffer@https://registry.npmjs.org/safer-buffer/-/safer-buffer-2.1.2.tgz. Extracting by manifest.
95 silly tarball no local data for semver@https://registry.npmjs.org/semver/-/semver-7.6.2.tgz. Extracting by manifest.
96 silly tarball no local data for send@https://registry.npmjs.org/send/-/send-0.18.0.tgz. Extracting by manifest.
97 silly tarball no local data for safe-buffer@https://registry.npmjs.org/safe-buffer/-/safe-buffer-5.2.1.tgz. Extracting by manifest.
98 silly tarball no local data for rxjs@https://registry.npmjs.org/rxjs/-/rxjs-7.8.1.tgz. Extracting by manifest.
99 silly tarball no local data for regenerator-runtime@https://registry.npmjs.org/regenerator-runtime/-/regenerator-runtime-0.14.1.tgz. Extracting by manifest.
100 silly tarball no local data for rimraf@https://registry.npmjs.org/rimraf/-/rimraf-3.0.2.tgz. Extracting by manifest.
101 silly tarball no local data for require-directory@https://registry.npmjs.org/require-directory/-/require-directory-2.1.1.tgz. Extracting by manifest.
102 silly tarball no local data for raw-body@https://registry.npmjs.org/raw-body/-/raw-body-2.5.2.tgz. Extracting by manifest.
103 silly tarball no local data for readdirp@https://registry.npmjs.org/readdirp/-/readdirp-3.6.0.tgz. Extracting by manifest.
104 silly tarball no local data for readable-stream@https://registry.npmjs.org/readable-stream/-/readable-stream-3.6.2.tgz. Extracting by manifest.
105 silly tarball no local data for range-parser@https://registry.npmjs.org/range-parser/-/range-parser-1.2.1.tgz. Extracting by manifest.
106 silly tarball no local data for qs@https://registry.npmjs.org/qs/-/qs-6.11.0.tgz. Extracting by manifest.
107 silly tarball no local data for pstree.remy@https://registry.npmjs.org/pstree.remy/-/pstree.remy-1.1.8.tgz. Extracting by manifest.
108 silly tarball no local data for picomatch@https://registry.npmjs.org/picomatch/-/picomatch-2.3.1.tgz. Extracting by manifest.
109 silly tarball no local data for proxy-addr@https://registry.npmjs.org/proxy-addr/-/proxy-addr-2.0.7.tgz. Extracting by manifest.
110 silly tarball no local data for path-to-regexp@https://registry.npmjs.org/path-to-regexp/-/path-to-regexp-0.1.7.tgz. Extracting by manifest.
111 silly tarball no local data for once@https://registry.npmjs.org/once/-/once-1.4.0.tgz. Extracting by manifest.
112 silly tarball no local data for path-is-absolute@https://registry.npmjs.org/path-is-absolute/-/path-is-absolute-1.0.1.tgz. Extracting by manifest.
113 silly tarball no local data for parseurl@https://registry.npmjs.org/parseurl/-/parseurl-1.3.3.tgz. Extracting by manifest.
114 silly tarball no local data for on-finished@https://registry.npmjs.org/on-finished/-/on-finished-2.4.1.tgz. Extracting by manifest.
115 silly tarball no local data for npmlog@https://registry.npmjs.org/npmlog/-/npmlog-5.0.1.tgz. Extracting by manifest.
116 silly tarball no local data for object-assign@https://registry.npmjs.org/object-assign/-/object-assign-4.1.1.tgz. Extracting by manifest.
117 silly tarball no local data for object-inspect@https://registry.npmjs.org/object-inspect/-/object-inspect-1.13.1.tgz. Extracting by manifest.
118 silly tarball no local data for normalize-path@https://registry.npmjs.org/normalize-path/-/normalize-path-3.0.0.tgz. Extracting by manifest.
119 silly tarball no local data for nopt@https://registry.npmjs.org/nopt/-/nopt-5.0.0.tgz. Extracting by manifest.
120 silly tarball no local data for nodemon@https://registry.npmjs.org/nodemon/-/nodemon-3.1.4.tgz. Extracting by manifest.
121 silly tarball no local data for node-addon-api@https://registry.npmjs.org/node-addon-api/-/node-addon-api-5.1.0.tgz. Extracting by manifest.
122 silly tarball no local data for node-fetch@https://registry.npmjs.org/node-fetch/-/node-fetch-2.7.0.tgz. Extracting by manifest.
123 silly tarball no local data for negotiator@https://registry.npmjs.org/negotiator/-/negotiator-0.6.3.tgz. Extracting by manifest.
124 silly tarball no local data for mysql2@https://registry.npmjs.org/mysql2/-/mysql2-3.9.8.tgz. Extracting by manifest.
125 silly tarball no local data for mkdirp@https://registry.npmjs.org/mkdirp/-/mkdirp-1.0.4.tgz. Extracting by manifest.
126 silly tarball no local data for named-placeholders@https://registry.npmjs.org/named-placeholders/-/named-placeholders-1.1.3.tgz. Extracting by manifest.
127 silly tarball no local data for ms@https://registry.npmjs.org/ms/-/ms-2.0.0.tgz. Extracting by manifest.
128 silly tarball no local data for minizlib@https://registry.npmjs.org/minizlib/-/minizlib-2.1.2.tgz. Extracting by manifest.
129 silly tarball no local data for minipass@https://registry.npmjs.org/minipass/-/minipass-5.0.0.tgz. Extracting by manifest.
130 silly tarball no local data for minimatch@https://registry.npmjs.org/minimatch/-/minimatch-3.1.2.tgz. Extracting by manifest.
131 silly tarball no local data for mime-db@https://registry.npmjs.org/mime-db/-/mime-db-1.52.0.tgz. Extracting by manifest.
132 silly tarball no local data for mime-types@https://registry.npmjs.org/mime-types/-/mime-types-2.1.35.tgz. Extracting by manifest.
133 silly tarball no local data for mime@https://registry.npmjs.org/mime/-/mime-1.6.0.tgz. Extracting by manifest.
134 silly tarball no local data for media-typer@https://registry.npmjs.org/media-typer/-/media-typer-0.3.0.tgz. Extracting by manifest.
135 silly tarball no local data for methods@https://registry.npmjs.org/methods/-/methods-1.1.2.tgz. Extracting by manifest.
136 silly tarball no local data for merge-descriptors@https://registry.npmjs.org/merge-descriptors/-/merge-descriptors-1.0.1.tgz. Extracting by manifest.
137 silly tarball no local data for make-dir@https://registry.npmjs.org/make-dir/-/make-dir-3.1.0.tgz. Extracting by manifest.
138 silly tarball no local data for lru-cache@https://registry.npmjs.org/lru-cache/-/lru-cache-8.0.5.tgz. Extracting by manifest.
139 silly tarball no local data for long@https://registry.npmjs.org/long/-/long-5.2.3.tgz. Extracting by manifest.
140 silly tarball no local data for lodash.isplainobject@https://registry.npmjs.org/lodash.isplainobject/-/lodash.isplainobject-4.0.6.tgz. Extracting by manifest.
141 silly tarball no local data for lodash.isstring@https://registry.npmjs.org/lodash.isstring/-/lodash.isstring-4.0.1.tgz. Extracting by manifest.
142 silly tarball no local data for lodash.once@https://registry.npmjs.org/lodash.once/-/lodash.once-4.1.1.tgz. Extracting by manifest.
143 silly tarball no local data for lodash.isinteger@https://registry.npmjs.org/lodash.isinteger/-/lodash.isinteger-4.0.4.tgz. Extracting by manifest.
144 silly tarball no local data for lodash.isboolean@https://registry.npmjs.org/lodash.isboolean/-/lodash.isboolean-3.0.3.tgz. Extracting by manifest.
145 silly tarball no local data for lodash.isnumber@https://registry.npmjs.org/lodash.isnumber/-/lodash.isnumber-3.0.3.tgz. Extracting by manifest.
146 silly tarball no local data for lodash.includes@https://registry.npmjs.org/lodash.includes/-/lodash.includes-4.3.0.tgz. Extracting by manifest.
147 silly tarball no local data for lodash@https://registry.npmjs.org/lodash/-/lodash-4.17.21.tgz. Extracting by manifest.
148 silly tarball no local data for jws@https://registry.npmjs.org/jws/-/jws-3.2.2.tgz. Extracting by manifest.
149 silly tarball no local data for jsonwebtoken@https://registry.npmjs.org/jsonwebtoken/-/jsonwebtoken-9.0.2.tgz. Extracting by manifest.
150 silly tarball no local data for jwa@https://registry.npmjs.org/jwa/-/jwa-1.4.1.tgz. Extracting by manifest.
151 silly tarball no local data for is-property@https://registry.npmjs.org/is-property/-/is-property-1.0.2.tgz. Extracting by manifest.
152 silly tarball no local data for is-glob@https://registry.npmjs.org/is-glob/-/is-glob-4.0.3.tgz. Extracting by manifest.
153 silly tarball no local data for is-number@https://registry.npmjs.org/is-number/-/is-number-7.0.0.tgz. Extracting by manifest.
154 silly tarball no local data for is-fullwidth-code-point@https://registry.npmjs.org/is-fullwidth-code-point/-/is-fullwidth-code-point-3.0.0.tgz. Extracting by manifest.
155 silly tarball no local data for is-binary-path@https://registry.npmjs.org/is-binary-path/-/is-binary-path-2.1.0.tgz. Extracting by manifest.
156 silly tarball no local data for is-extglob@https://registry.npmjs.org/is-extglob/-/is-extglob-2.1.1.tgz. Extracting by manifest.
157 silly tarball no local data for inherits@https://registry.npmjs.org/inherits/-/inherits-2.0.4.tgz. Extracting by manifest.
158 silly tarball no local data for inflight@https://registry.npmjs.org/inflight/-/inflight-1.0.6.tgz. Extracting by manifest.
159 silly tarball no local data for ignore-by-default@https://registry.npmjs.org/ignore-by-default/-/ignore-by-default-1.0.1.tgz. Extracting by manifest.
160 silly tarball no local data for iconv-lite@https://registry.npmjs.org/iconv-lite/-/iconv-lite-0.6.3.tgz. Extracting by manifest.
161 silly tarball no local data for http-errors@https://registry.npmjs.org/http-errors/-/http-errors-2.0.0.tgz. Extracting by manifest.
162 silly tarball no local data for https-proxy-agent@https://registry.npmjs.org/https-proxy-agent/-/https-proxy-agent-5.0.1.tgz. Extracting by manifest.
163 silly tarball no local data for hasown@https://registry.npmjs.org/hasown/-/hasown-2.0.2.tgz. Extracting by manifest.
164 silly tarball no local data for ipaddr.js@https://registry.npmjs.org/ipaddr.js/-/ipaddr.js-1.9.1.tgz. Extracting by manifest.
165 silly tarball no local data for http-status-codes@https://registry.npmjs.org/http-status-codes/-/http-status-codes-2.3.0.tgz. Extracting by manifest.
166 silly tarball no local data for has-unicode@https://registry.npmjs.org/has-unicode/-/has-unicode-2.0.1.tgz. Extracting by manifest.
167 silly tarball no local data for has-symbols@https://registry.npmjs.org/has-symbols/-/has-symbols-1.0.3.tgz. Extracting by manifest.
168 silly tarball no local data for has-flag@https://registry.npmjs.org/has-flag/-/has-flag-4.0.0.tgz. Extracting by manifest.
169 silly tarball no local data for has-property-descriptors@https://registry.npmjs.org/has-property-descriptors/-/has-property-descriptors-1.0.2.tgz. Extracting by manifest.
170 silly tarball no local data for gopd@https://registry.npmjs.org/gopd/-/gopd-1.0.1.tgz. Extracting by manifest.
171 silly tarball no local data for glob-parent@https://registry.npmjs.org/glob-parent/-/glob-parent-5.1.2.tgz. Extracting by manifest.
172 silly tarball no local data for get-intrinsic@https://registry.npmjs.org/get-intrinsic/-/get-intrinsic-1.2.4.tgz. Extracting by manifest.
173 silly tarball no local data for get-caller-file@https://registry.npmjs.org/get-caller-file/-/get-caller-file-2.0.5.tgz. Extracting by manifest.
174 silly tarball no local data for has-proto@https://registry.npmjs.org/has-proto/-/has-proto-1.0.3.tgz. Extracting by manifest.
175 silly tarball no local data for glob@https://registry.npmjs.org/glob/-/glob-7.2.3.tgz. Extracting by manifest.
176 silly tarball no local data for generate-function@https://registry.npmjs.org/generate-function/-/generate-function-2.3.1.tgz. Extracting by manifest.
177 silly tarball no local data for gauge@https://registry.npmjs.org/gauge/-/gauge-3.0.2.tgz. Extracting by manifest.
178 silly tarball no local data for fs-minipass@https://registry.npmjs.org/fs-minipass/-/fs-minipass-2.1.0.tgz. Extracting by manifest.
179 silly tarball no local data for fs.realpath@https://registry.npmjs.org/fs.realpath/-/fs.realpath-1.0.0.tgz. Extracting by manifest.
180 silly tarball no local data for function-bind@https://registry.npmjs.org/function-bind/-/function-bind-1.1.2.tgz. Extracting by manifest.
181 silly tarball no local data for forwarded@https://registry.npmjs.org/forwarded/-/forwarded-0.2.0.tgz. Extracting by manifest.
182 silly tarball no local data for fresh@https://registry.npmjs.org/fresh/-/fresh-0.5.2.tgz. Extracting by manifest.
183 silly tarball no local data for fill-range@https://registry.npmjs.org/fill-range/-/fill-range-7.1.1.tgz. Extracting by manifest.
184 silly tarball no local data for finalhandler@https://registry.npmjs.org/finalhandler/-/finalhandler-1.2.0.tgz. Extracting by manifest.
185 silly tarball no local data for express@https://registry.npmjs.org/express/-/express-4.19.2.tgz. Extracting by manifest.
186 silly tarball no local data for etag@https://registry.npmjs.org/etag/-/etag-1.8.1.tgz. Extracting by manifest.
187 silly tarball no local data for escape-html@https://registry.npmjs.org/escape-html/-/escape-html-1.0.3.tgz. Extracting by manifest.
188 silly tarball no local data for es-errors@https://registry.npmjs.org/es-errors/-/es-errors-1.3.0.tgz. Extracting by manifest.
189 silly tarball no local data for escalade@https://registry.npmjs.org/escalade/-/escalade-3.1.2.tgz. Extracting by manifest.
190 silly tarball no local data for es-define-property@https://registry.npmjs.org/es-define-property/-/es-define-property-1.0.0.tgz. Extracting by manifest.
191 silly tarball no local data for emoji-regex@https://registry.npmjs.org/emoji-regex/-/emoji-regex-8.0.0.tgz. Extracting by manifest.
192 silly tarball no local data for ee-first@https://registry.npmjs.org/ee-first/-/ee-first-1.1.1.tgz. Extracting by manifest.
193 silly tarball no local data for dotenv@https://registry.npmjs.org/dotenv/-/dotenv-16.4.5.tgz. Extracting by manifest.
194 silly tarball no local data for encodeurl@https://registry.npmjs.org/encodeurl/-/encodeurl-1.0.2.tgz. Extracting by manifest.
195 silly tarball no local data for detect-libc@https://registry.npmjs.org/detect-libc/-/detect-libc-2.0.3.tgz. Extracting by manifest.
196 silly tarball no local data for destroy@https://registry.npmjs.org/destroy/-/destroy-1.2.0.tgz. Extracting by manifest.
197 silly tarball no local data for ecdsa-sig-formatter@https://registry.npmjs.org/ecdsa-sig-formatter/-/ecdsa-sig-formatter-1.0.11.tgz. Extracting by manifest.
198 silly tarball no local data for delegates@https://registry.npmjs.org/delegates/-/delegates-1.0.0.tgz. Extracting by manifest.
199 silly tarball no local data for depd@https://registry.npmjs.org/depd/-/depd-2.0.0.tgz. Extracting by manifest.
200 silly tarball no local data for define-data-property@https://registry.npmjs.org/define-data-property/-/define-data-property-1.1.4.tgz. Extracting by manifest.
201 silly tarball no local data for denque@https://registry.npmjs.org/denque/-/denque-2.1.0.tgz. Extracting by manifest.
202 silly tarball no local data for debug@https://registry.npmjs.org/debug/-/debug-2.6.9.tgz. Extracting by manifest.
203 silly tarball no local data for cookie-signature@https://registry.npmjs.org/cookie-signature/-/cookie-signature-1.0.6.tgz. Extracting by manifest.
204 silly tarball no local data for content-type@https://registry.npmjs.org/content-type/-/content-type-1.0.5.tgz. Extracting by manifest.
205 silly tarball no local data for cookie@https://registry.npmjs.org/cookie/-/cookie-0.6.0.tgz. Extracting by manifest.
206 silly tarball no local data for console-control-strings@https://registry.npmjs.org/console-control-strings/-/console-control-strings-1.1.0.tgz. Extracting by manifest.
207 silly tarball no local data for date-fns@https://registry.npmjs.org/date-fns/-/date-fns-2.30.0.tgz. Extracting by manifest.
208 silly tarball no local data for concurrently@https://registry.npmjs.org/concurrently/-/concurrently-8.2.2.tgz. Extracting by manifest.
209 silly tarball no local data for color-support@https://registry.npmjs.org/color-support/-/color-support-1.1.3.tgz. Extracting by manifest.
210 silly tarball no local data for concat-map@https://registry.npmjs.org/concat-map/-/concat-map-0.0.1.tgz. Extracting by manifest.
211 silly tarball no local data for content-disposition@https://registry.npmjs.org/content-disposition/-/content-disposition-0.5.4.tgz. Extracting by manifest.
212 silly tarball no local data for cliui@https://registry.npmjs.org/cliui/-/cliui-8.0.1.tgz. Extracting by manifest.
213 silly tarball no local data for color-convert@https://registry.npmjs.org/color-convert/-/color-convert-2.0.1.tgz. Extracting by manifest.
214 silly tarball no local data for chownr@https://registry.npmjs.org/chownr/-/chownr-2.0.0.tgz. Extracting by manifest.
215 silly tarball no local data for chalk@https://registry.npmjs.org/chalk/-/chalk-4.1.2.tgz. Extracting by manifest.
216 silly tarball no local data for chokidar@https://registry.npmjs.org/chokidar/-/chokidar-3.6.0.tgz. Extracting by manifest.
217 silly tarball no local data for color-name@https://registry.npmjs.org/color-name/-/color-name-1.1.4.tgz. Extracting by manifest.
218 silly tarball no local data for bytes@https://registry.npmjs.org/bytes/-/bytes-3.1.2.tgz. Extracting by manifest.
219 silly tarball no local data for buffer-equal-constant-time@https://registry.npmjs.org/buffer-equal-constant-time/-/buffer-equal-constant-time-1.0.1.tgz. Extracting by manifest.
220 silly tarball no local data for call-bind@https://registry.npmjs.org/call-bind/-/call-bind-1.0.7.tgz. Extracting by manifest.
221 silly tarball no local data for brace-expansion@https://registry.npmjs.org/brace-expansion/-/brace-expansion-1.1.11.tgz. Extracting by manifest.
222 silly tarball no local data for bcrypt@https://registry.npmjs.org/bcrypt/-/bcrypt-5.1.1.tgz. Extracting by manifest.
223 silly tarball no local data for balanced-match@https://registry.npmjs.org/balanced-match/-/balanced-match-1.0.2.tgz. Extracting by manifest.
224 silly tarball no local data for body-parser@https://registry.npmjs.org/body-parser/-/body-parser-1.20.2.tgz. Extracting by manifest.
225 silly tarball no local data for braces@https://registry.npmjs.org/braces/-/braces-3.0.3.tgz. Extracting by manifest.
226 silly tarball no local data for array-flatten@https://registry.npmjs.org/array-flatten/-/array-flatten-1.1.1.tgz. Extracting by manifest.
227 silly tarball no local data for binary-extensions@https://registry.npmjs.org/binary-extensions/-/binary-extensions-2.3.0.tgz. Extracting by manifest.
228 silly tarball no local data for are-we-there-yet@https://registry.npmjs.org/are-we-there-yet/-/are-we-there-yet-2.0.0.tgz. Extracting by manifest.
229 silly tarball no local data for aproba@https://registry.npmjs.org/aproba/-/aproba-2.0.0.tgz. Extracting by manifest.
230 silly tarball no local data for ansi-styles@https://registry.npmjs.org/ansi-styles/-/ansi-styles-4.3.0.tgz. Extracting by manifest.
231 silly tarball no local data for anymatch@https://registry.npmjs.org/anymatch/-/anymatch-3.1.3.tgz. Extracting by manifest.
232 silly tarball no local data for ansi-regex@https://registry.npmjs.org/ansi-regex/-/ansi-regex-5.0.1.tgz. Extracting by manifest.
233 silly tarball no local data for accepts@https://registry.npmjs.org/accepts/-/accepts-1.3.8.tgz. Extracting by manifest.
234 silly tarball no local data for @mapbox/node-pre-gyp@https://registry.npmjs.org/@mapbox/node-pre-gyp/-/node-pre-gyp-1.0.11.tgz. Extracting by manifest.
235 silly tarball no local data for abbrev@https://registry.npmjs.org/abbrev/-/abbrev-1.1.1.tgz. Extracting by manifest.
236 silly tarball no local data for agent-base@https://registry.npmjs.org/agent-base/-/agent-base-6.0.2.tgz. Extracting by manifest.
237 silly tarball no local data for supports-color@https://registry.npmjs.org/supports-color/-/supports-color-5.5.0.tgz. Extracting by manifest.
238 silly tarball no local data for @babel/runtime@https://registry.npmjs.org/@babel/runtime/-/runtime-7.25.0.tgz. Extracting by manifest.
239 silly tarball no local data for ms@https://registry.npmjs.org/ms/-/ms-2.1.2.tgz. Extracting by manifest.
240 silly tarball no local data for ms@https://registry.npmjs.org/ms/-/ms-2.1.3.tgz. Extracting by manifest.
241 silly tarball no local data for debug@https://registry.npmjs.org/debug/-/debug-4.3.6.tgz. Extracting by manifest.
242 silly tarball no local data for iconv-lite@https://registry.npmjs.org/iconv-lite/-/iconv-lite-0.4.24.tgz. Extracting by manifest.
243 silly tarball no local data for lru-cache@https://registry.npmjs.org/lru-cache/-/lru-cache-7.18.3.tgz. Extracting by manifest.
244 silly tarball no local data for minipass@https://registry.npmjs.org/minipass/-/minipass-3.3.6.tgz. Extracting by manifest.
245 silly tarball no local data for semver@https://registry.npmjs.org/semver/-/semver-6.3.1.tgz. Extracting by manifest.
246 silly tarball no local data for debug@https://registry.npmjs.org/debug/-/debug-4.3.4.tgz. Extracting by manifest.
247 silly tarball no local data for minipass@https://registry.npmjs.org/minipass/-/minipass-3.3.6.tgz. Extracting by manifest.
248 silly tarball no local data for ms@https://registry.npmjs.org/ms/-/ms-2.1.3.tgz. Extracting by manifest.
249 silly tarball no local data for ms@https://registry.npmjs.org/ms/-/ms-2.1.2.tgz. Extracting by manifest.
250 silly tarball no local data for supports-color@https://registry.npmjs.org/supports-color/-/supports-color-7.2.0.tgz. Extracting by manifest.
251 silly tarball no local data for iconv-lite@https://registry.npmjs.org/iconv-lite/-/iconv-lite-0.4.24.tgz. Extracting by manifest.
252 silly tarball no local data for has-flag@https://registry.npmjs.org/has-flag/-/has-flag-3.0.0.tgz. Extracting by manifest.
253 silly tarball no local data for ms@https://registry.npmjs.org/ms/-/ms-2.1.2.tgz. Extracting by manifest.
254 silly tarball no local data for debug@https://registry.npmjs.org/debug/-/debug-4.3.4.tgz. Extracting by manifest.
255 http fetch POST 200 https://registry.npmjs.org/-/npm/v1/security/advisories/bulk 243ms
256 timing auditReport:getReport Completed in 245ms
257 silly audit report {}
258 timing auditReport:init Completed in 0ms
259 timing reify:audit Completed in 247ms
260 http fetch GET 200 https://registry.npmjs.org/cors/-/cors-2.8.5.tgz 250ms (cache miss)
261 timing reifyNode:node_modules/cors Completed in 323ms
262 http fetch GET 200 https://registry.npmjs.org/tree-kill/-/tree-kill-1.2.2.tgz 287ms (cache miss)
263 http fetch GET 200 https://registry.npmjs.org/wide-align/-/wide-align-1.1.5.tgz 306ms (cache miss)
264 timing reifyNode:node_modules/wide-align Completed in 354ms
265 timing reifyNode:node_modules/tree-kill Completed in 354ms
266 http fetch GET 200 https://registry.npmjs.org/yallist/-/yallist-4.0.0.tgz 317ms (cache miss)
267 timing reifyNode:node_modules/yallist Completed in 384ms
268 http fetch GET 200 https://registry.npmjs.org/vary/-/vary-1.1.2.tgz 373ms (cache miss)
269 http fetch GET 200 https://registry.npmjs.org/webidl-conversions/-/webidl-conversions-3.0.1.tgz 374ms (cache miss)
270 timing reifyNode:node_modules/webidl-conversions Completed in 423ms
271 http fetch GET 200 https://registry.npmjs.org/type-is/-/type-is-1.6.18.tgz 370ms (cache miss)
272 timing reifyNode:node_modules/vary Completed in 431ms
273 http fetch GET 200 https://registry.npmjs.org/tr46/-/tr46-0.0.3.tgz 379ms (cache miss)
274 http fetch GET 200 https://registry.npmjs.org/utils-merge/-/utils-merge-1.0.1.tgz 384ms (cache miss)
275 timing reifyNode:node_modules/type-is Completed in 437ms
276 http fetch GET 200 https://registry.npmjs.org/wrap-ansi/-/wrap-ansi-7.0.0.tgz 396ms (cache miss)
277 timing reifyNode:node_modules/wrap-ansi Completed in 444ms
278 http fetch GET 200 https://registry.npmjs.org/unpipe/-/unpipe-1.0.0.tgz 398ms (cache miss)
279 http fetch GET 200 https://registry.npmjs.org/wrappy/-/wrappy-1.0.2.tgz 405ms (cache miss)
280 timing reifyNode:node_modules/wrappy Completed in 452ms
281 timing reifyNode:node_modules/utils-merge Completed in 453ms
282 timing reifyNode:node_modules/tr46 Completed in 453ms
283 http fetch GET 200 https://registry.npmjs.org/util-deprecate/-/util-deprecate-1.0.2.tgz 411ms (cache miss)
284 http fetch GET 200 https://registry.npmjs.org/strip-ansi/-/strip-ansi-6.0.1.tgz 406ms (cache miss)
285 timing reifyNode:node_modules/strip-ansi Completed in 471ms
286 timing reifyNode:node_modules/unpipe Completed in 471ms
287 http fetch GET 200 https://registry.npmjs.org/string-width/-/string-width-4.2.3.tgz 419ms (cache miss)
288 timing reifyNode:node_modules/util-deprecate Completed in 485ms
289 http fetch GET 200 https://registry.npmjs.org/supports-color/-/supports-color-8.1.1.tgz 429ms (cache miss)
290 http fetch GET 200 https://registry.npmjs.org/touch/-/touch-3.1.1.tgz 431ms (cache miss)
291 http fetch GET 200 https://registry.npmjs.org/signal-exit/-/signal-exit-3.0.7.tgz 426ms (cache miss)
292 timing reifyNode:node_modules/supports-color Completed in 487ms
293 timing reifyNode:node_modules/string-width Completed in 494ms
294 timing reifyNode:node_modules/touch Completed in 502ms
295 timing reifyNode:node_modules/signal-exit Completed in 502ms
296 http fetch GET 200 https://registry.npmjs.org/statuses/-/statuses-2.0.1.tgz 454ms (cache miss)
297 http fetch GET 200 https://registry.npmjs.org/string_decoder/-/string_decoder-1.3.0.tgz 459ms (cache miss)
298 timing reifyNode:node_modules/string_decoder Completed in 518ms
299 http fetch GET 200 https://registry.npmjs.org/set-blocking/-/set-blocking-2.0.0.tgz 454ms (cache miss)
300 timing reifyNode:node_modules/statuses Completed in 527ms
301 http fetch GET 200 https://registry.npmjs.org/toidentifier/-/toidentifier-1.0.1.tgz 477ms (cache miss)
302 http fetch GET 200 https://registry.npmjs.org/send/-/send-0.18.0.tgz 465ms (cache miss)
303 timing reifyNode:node_modules/toidentifier Completed in 534ms
304 timing reifyNode:node_modules/set-blocking Completed in 534ms
305 http fetch GET 200 https://registry.npmjs.org/setprototypeof/-/setprototypeof-1.2.0.tgz 479ms (cache miss)
306 timing reifyNode:node_modules/setprototypeof Completed in 572ms
307 http fetch GET 200 https://registry.npmjs.org/range-parser/-/range-parser-1.2.1.tgz 500ms (cache miss)
308 http fetch GET 200 https://registry.npmjs.org/path-to-regexp/-/path-to-regexp-0.1.7.tgz 499ms (cache miss)
309 http fetch GET 200 https://registry.npmjs.org/whatwg-url/-/whatwg-url-5.0.0.tgz 530ms (cache miss)
310 timing reifyNode:node_modules/whatwg-url Completed in 581ms
311 http fetch GET 200 https://registry.npmjs.org/to-regex-range/-/to-regex-range-5.0.1.tgz 520ms (cache miss)
312 timing reifyNode:node_modules/to-regex-range Completed in 581ms
313 http fetch GET 200 https://registry.npmjs.org/once/-/once-1.4.0.tgz 506ms (cache miss)
314 timing reifyNode:node_modules/once Completed in 580ms
315 timing reifyNode:node_modules/range-parser Completed in 581ms
316 http fetch GET 200 https://registry.npmjs.org/path-is-absolute/-/path-is-absolute-1.0.1.tgz 516ms (cache miss)
317 timing reifyNode:node_modules/path-is-absolute Completed in 591ms
318 timing reifyNode:node_modules/path-to-regexp Completed in 592ms
319 http fetch GET 200 https://registry.npmjs.org/ms/-/ms-2.0.0.tgz 508ms (cache miss)
320 http fetch GET 200 https://registry.npmjs.org/sqlstring/-/sqlstring-2.3.3.tgz 548ms (cache miss)
321 timing reifyNode:node_modules/sqlstring Completed in 608ms
322 http fetch GET 200 https://registry.npmjs.org/named-placeholders/-/named-placeholders-1.1.3.tgz 534ms (cache miss)
323 timing reifyNode:node_modules/named-placeholders Completed in 617ms
324 timing reifyNode:node_modules/ms Completed in 617ms
325 timing reifyNode:node_modules/send Completed in 631ms
326 http fetch GET 200 https://registry.npmjs.org/y18n/-/y18n-5.0.8.tgz 590ms (cache miss)
327 timing reifyNode:node_modules/y18n Completed in 641ms
328 http fetch GET 200 https://registry.npmjs.org/object-assign/-/object-assign-4.1.1.tgz 565ms (cache miss)
329 timing reifyNode:node_modules/object-assign Completed in 642ms
330 http fetch GET 200 https://registry.npmjs.org/normalize-path/-/normalize-path-3.0.0.tgz 564ms (cache miss)
331 timing reifyNode:node_modules/normalize-path Completed in 643ms
332 http fetch GET 200 https://registry.npmjs.org/parseurl/-/parseurl-1.3.3.tgz 568ms (cache miss)
333 http fetch GET 200 https://registry.npmjs.org/regenerator-runtime/-/regenerator-runtime-0.14.1.tgz 585ms (cache miss)
334 timing reifyNode:node_modules/regenerator-runtime Completed in 654ms
335 http fetch GET 200 https://registry.npmjs.org/require-directory/-/require-directory-2.1.1.tgz 592ms (cache miss)
336 http fetch GET 200 https://registry.npmjs.org/npmlog/-/npmlog-5.0.1.tgz 587ms (cache miss)
337 warn deprecated npmlog@5.0.1: This package is no longer supported.
338 timing reifyNode:node_modules/npmlog Completed in 664ms
339 http fetch GET 200 https://registry.npmjs.org/minizlib/-/minizlib-2.1.2.tgz 579ms (cache miss)
340 timing reifyNode:node_modules/parseurl Completed in 664ms
341 http fetch GET 200 https://registry.npmjs.org/undefsafe/-/undefsafe-2.0.5.tgz 622ms (cache miss)
342 http fetch GET 200 https://registry.npmjs.org/mkdirp/-/mkdirp-1.0.4.tgz 592ms (cache miss)
343 http fetch GET 200 https://registry.npmjs.org/media-typer/-/media-typer-0.3.0.tgz 588ms (cache miss)
344 timing reifyNode:node_modules/require-directory Completed in 689ms
345 http fetch GET 200 https://registry.npmjs.org/methods/-/methods-1.1.2.tgz 603ms (cache miss)
346 timing reifyNode:node_modules/minizlib Completed in 690ms
347 http fetch GET 200 https://registry.npmjs.org/lodash.isnumber/-/lodash.isnumber-3.0.3.tgz 610ms (cache miss)
348 timing reifyNode:node_modules/lodash.isnumber Completed in 701ms
349 http fetch GET 200 https://registry.npmjs.org/spawn-command/-/spawn-command-0.0.2.tgz 645ms (cache miss)
350 http fetch GET 200 https://registry.npmjs.org/merge-descriptors/-/merge-descriptors-1.0.1.tgz 619ms (cache miss)
351 http fetch GET 200 https://registry.npmjs.org/make-dir/-/make-dir-3.1.0.tgz 619ms (cache miss)
352 timing reifyNode:node_modules/media-typer Completed in 715ms
353 timing reifyNode:node_modules/undefsafe Completed in 719ms
354 http fetch GET 200 https://registry.npmjs.org/readdirp/-/readdirp-3.6.0.tgz 647ms (cache miss)
355 timing reifyNode:node_modules/readdirp Completed in 718ms
356 http fetch GET 200 https://registry.npmjs.org/proxy-addr/-/proxy-addr-2.0.7.tgz 645ms (cache miss)
357 timing reifyNode:node_modules/proxy-addr Completed in 718ms
358 http fetch GET 200 https://registry.npmjs.org/lodash.isstring/-/lodash.isstring-4.0.1.tgz 629ms (cache miss)
359 timing reifyNode:node_modules/lodash.isstring Completed in 718ms
360 http fetch GET 200 https://registry.npmjs.org/lodash.once/-/lodash.once-4.1.1.tgz 628ms (cache miss)
361 timing reifyNode:node_modules/lodash.once Completed in 719ms
362 http fetch GET 200 https://registry.npmjs.org/lodash.isinteger/-/lodash.isinteger-4.0.4.tgz 629ms (cache miss)
363 timing reifyNode:node_modules/lodash.isinteger Completed in 718ms
364 http fetch GET 200 https://registry.npmjs.org/mime-types/-/mime-types-2.1.35.tgz 645ms (cache miss)
365 timing reifyNode:node_modules/methods Completed in 732ms
366 http fetch GET 200 https://registry.npmjs.org/is-binary-path/-/is-binary-path-2.1.0.tgz 635ms (cache miss)
367 http fetch GET 200 https://registry.npmjs.org/rimraf/-/rimraf-3.0.2.tgz 666ms (cache miss)
368 warn deprecated rimraf@3.0.2: Rimraf versions prior to v4 are no longer supported
369 timing reifyNode:node_modules/rimraf Completed in 737ms
370 http fetch GET 200 https://registry.npmjs.org/lodash.isplainobject/-/lodash.isplainobject-4.0.6.tgz 648ms (cache miss)
371 timing reifyNode:node_modules/lodash.isplainobject Completed in 736ms
372 http fetch GET 200 https://registry.npmjs.org/nopt/-/nopt-5.0.0.tgz 658ms (cache miss)
373 timing reifyNode:node_modules/make-dir Completed in 738ms
374 timing reifyNode:node_modules/merge-descriptors Completed in 753ms
375 http fetch GET 200 https://registry.npmjs.org/lodash.isboolean/-/lodash.isboolean-3.0.3.tgz 663ms (cache miss)
376 timing reifyNode:node_modules/lodash.isboolean Completed in 753ms
377 http fetch GET 200 https://registry.npmjs.org/lodash.includes/-/lodash.includes-4.3.0.tgz 662ms (cache miss)
378 timing reifyNode:node_modules/lodash.includes Completed in 756ms
379 http fetch GET 200 https://registry.npmjs.org/is-extglob/-/is-extglob-2.1.1.tgz 660ms (cache miss)
380 timing reifyNode:node_modules/is-extglob Completed in 757ms
381 http fetch GET 200 https://registry.npmjs.org/serve-static/-/serve-static-1.15.0.tgz 695ms (cache miss)
382 timing reifyNode:node_modules/serve-static Completed in 761ms
383 timing reifyNode:node_modules/spawn-command Completed in 762ms
384 timing reifyNode:node_modules/mime-types Completed in 771ms
385 http fetch GET 200 https://registry.npmjs.org/jwa/-/jwa-1.4.1.tgz 676ms (cache miss)
386 timing reifyNode:node_modules/jwa Completed in 772ms
387 http fetch GET 200 https://registry.npmjs.org/safer-buffer/-/safer-buffer-2.1.2.tgz 708ms (cache miss)
388 timing reifyNode:node_modules/safer-buffer Completed in 775ms
389 http fetch GET 200 https://registry.npmjs.org/raw-body/-/raw-body-2.5.2.tgz 705ms (cache miss)
390 timing reifyNode:node_modules/raw-body Completed in 777ms
391 http fetch GET 200 https://registry.npmjs.org/minimatch/-/minimatch-3.1.2.tgz 691ms (cache miss)
392 timing reifyNode:node_modules/minimatch Completed in 777ms
393 timing reifyNode:node_modules/nopt Completed in 778ms
394 http fetch GET 200 https://registry.npmjs.org/is-glob/-/is-glob-4.0.3.tgz 687ms (cache miss)
395 timing reifyNode:node_modules/is-glob Completed in 783ms
396 http fetch GET 200 https://registry.npmjs.org/inherits/-/inherits-2.0.4.tgz 686ms (cache miss)
397 http fetch GET 200 https://registry.npmjs.org/safe-buffer/-/safe-buffer-5.2.1.tgz 720ms (cache miss)
398 timing reifyNode:node_modules/safe-buffer Completed in 788ms
399 http fetch GET 200 https://registry.npmjs.org/on-finished/-/on-finished-2.4.1.tgz 712ms (cache miss)
400 timing reifyNode:node_modules/on-finished Completed in 788ms
401 http fetch GET 200 https://registry.npmjs.org/inflight/-/inflight-1.0.6.tgz 697ms (cache miss)
402 warn deprecated inflight@1.0.6: This module is not supported, and leaks memory. Do not use it. Check out lru-cache if you want a good and tested way to coalesce async requests by a key value, which is much more comprehensive and powerful.
403 timing reifyNode:node_modules/inflight Completed in 795ms
404 http fetch GET 200 https://registry.npmjs.org/is-fullwidth-code-point/-/is-fullwidth-code-point-3.0.0.tgz 700ms (cache miss)
405 http fetch GET 200 https://registry.npmjs.org/is-property/-/is-property-1.0.2.tgz 702ms (cache miss)
406 http fetch GET 200 https://registry.npmjs.org/ignore-by-default/-/ignore-by-default-1.0.1.tgz 699ms (cache miss)
407 http fetch GET 200 https://registry.npmjs.org/is-number/-/is-number-7.0.0.tgz 702ms (cache miss)
408 timing reifyNode:node_modules/is-number Completed in 799ms
409 timing reifyNode:node_modules/ignore-by-default Completed in 797ms
410 http fetch GET 200 https://registry.npmjs.org/has-flag/-/has-flag-4.0.0.tgz 707ms (cache miss)
411 timing reifyNode:node_modules/is-fullwidth-code-point Completed in 809ms
412 http fetch GET 200 https://registry.npmjs.org/http-errors/-/http-errors-2.0.0.tgz 712ms (cache miss)
413 timing reifyNode:node_modules/is-binary-path Completed in 821ms
414 timing reifyNode:node_modules/inherits Completed in 821ms
415 http fetch GET 200 https://registry.npmjs.org/has-proto/-/has-proto-1.0.3.tgz 729ms (cache miss)
416 timing reifyNode:node_modules/is-property Completed in 835ms
417 http fetch GET 200 https://registry.npmjs.org/has-unicode/-/has-unicode-2.0.1.tgz 734ms (cache miss)
418 timing reifyNode:node_modules/has-unicode Completed in 833ms
419 http fetch GET 200 https://registry.npmjs.org/glob-parent/-/glob-parent-5.1.2.tgz 743ms (cache miss)
420 http fetch GET 200 https://registry.npmjs.org/get-caller-file/-/get-caller-file-2.0.5.tgz 742ms (cache miss)
421 http fetch GET 200 https://registry.npmjs.org/gopd/-/gopd-1.0.1.tgz 744ms (cache miss)
422 timing reifyNode:node_modules/http-errors Completed in 847ms
423 http fetch GET 200 https://registry.npmjs.org/has-property-descriptors/-/has-property-descriptors-1.0.2.tgz 750ms (cache miss)
424 http fetch GET 200 https://registry.npmjs.org/generate-function/-/generate-function-2.3.1.tgz 746ms (cache miss)
425 http fetch GET 200 https://registry.npmjs.org/forwarded/-/forwarded-0.2.0.tgz 743ms (cache miss)
426 http fetch GET 200 https://registry.npmjs.org/etag/-/etag-1.8.1.tgz 741ms (cache miss)
427 timing reifyNode:node_modules/has-flag Completed in 851ms
428 http fetch GET 200 https://registry.npmjs.org/fill-range/-/fill-range-7.1.1.tgz 743ms (cache miss)
429 http fetch GET 200 https://registry.npmjs.org/fresh/-/fresh-0.5.2.tgz 744ms (cache miss)
430 timing reifyNode:node_modules/fill-range Completed in 853ms
431 http fetch GET 200 https://registry.npmjs.org/escalade/-/escalade-3.1.2.tgz 746ms (cache miss)
432 http fetch GET 200 https://registry.npmjs.org/fs-minipass/-/fs-minipass-2.1.0.tgz 754ms (cache miss)
433 timing reifyNode:node_modules/fs-minipass Completed in 858ms
434 http fetch GET 200 https://registry.npmjs.org/fs.realpath/-/fs.realpath-1.0.0.tgz 751ms (cache miss)
435 http fetch GET 200 https://registry.npmjs.org/escape-html/-/escape-html-1.0.3.tgz 748ms (cache miss)
436 timing reifyNode:node_modules/escape-html Completed in 859ms
437 timing reifyNode:node_modules/glob-parent Completed in 859ms
438 http fetch GET 200 https://registry.npmjs.org/seq-queue/-/seq-queue-0.0.5.tgz 800ms (cache miss)
439 http fetch GET 200 https://registry.npmjs.org/ee-first/-/ee-first-1.1.1.tgz 750ms (cache miss)
440 timing reifyNode:node_modules/ee-first Completed in 864ms
441 timing reifyNode:node_modules/forwarded Completed in 864ms
442 http fetch GET 200 https://registry.npmjs.org/set-function-length/-/set-function-length-1.2.2.tgz 804ms (cache miss)
443 http fetch GET 200 https://registry.npmjs.org/encodeurl/-/encodeurl-1.0.2.tgz 758ms (cache miss)
444 http fetch GET 200 https://registry.npmjs.org/es-define-property/-/es-define-property-1.0.0.tgz 761ms (cache miss)
445 timing reifyNode:node_modules/fs.realpath Completed in 874ms
446 timing reifyNode:node_modules/seq-queue Completed in 880ms
447 http fetch GET 200 https://registry.npmjs.org/cookie-signature/-/cookie-signature-1.0.6.tgz 757ms (cache miss)
448 timing reifyNode:node_modules/fresh Completed in 876ms
449 http fetch GET 200 https://registry.npmjs.org/destroy/-/destroy-1.2.0.tgz 765ms (cache miss)
450 timing reifyNode:node_modules/destroy Completed in 880ms
451 timing reifyNode:node_modules/etag Completed in 881ms
452 http fetch GET 200 https://registry.npmjs.org/side-channel/-/side-channel-1.0.6.tgz 823ms (cache miss)
453 http fetch GET 200 https://registry.npmjs.org/negotiator/-/negotiator-0.6.3.tgz 804ms (cache miss)
454 http fetch GET 200 https://registry.npmjs.org/cookie/-/cookie-0.6.0.tgz 765ms (cache miss)
455 http fetch GET 200 https://registry.npmjs.org/console-control-strings/-/console-control-strings-1.1.0.tgz 764ms (cache miss)
456 timing reifyNode:node_modules/encodeurl Completed in 887ms
457 http fetch GET 200 https://registry.npmjs.org/ipaddr.js/-/ipaddr.js-1.9.1.tgz 790ms (cache miss)
458 timing reifyNode:node_modules/get-caller-file Completed in 889ms
459 timing reifyNode:node_modules/set-function-length Completed in 894ms
460 http fetch GET 200 https://registry.npmjs.org/pstree.remy/-/pstree.remy-1.1.8.tgz 821ms (cache miss)
461 http fetch GET 200 https://registry.npmjs.org/denque/-/denque-2.1.0.tgz 772ms (cache miss)
462 timing reifyNode:node_modules/negotiator Completed in 894ms
463 http fetch GET 200 https://registry.npmjs.org/color-support/-/color-support-1.1.3.tgz 766ms (cache miss)
464 http fetch GET 200 https://registry.npmjs.org/delegates/-/delegates-1.0.0.tgz 779ms (cache miss)
465 http fetch GET 200 https://registry.npmjs.org/finalhandler/-/finalhandler-1.2.0.tgz 785ms (cache miss)
466 http fetch GET 200 https://registry.npmjs.org/mime-db/-/mime-db-1.52.0.tgz 817ms (cache miss)
467 http fetch GET 200 https://registry.npmjs.org/content-disposition/-/content-disposition-0.5.4.tgz 773ms (cache miss)
468 http fetch GET 200 https://registry.npmjs.org/glob/-/glob-7.2.3.tgz 799ms (cache miss)
469 timing reifyNode:node_modules/side-channel Completed in 907ms
470 timing reifyNode:node_modules/cookie-signature Completed in 903ms
471 http fetch GET 200 https://registry.npmjs.org/concat-map/-/concat-map-0.0.1.tgz 779ms (cache miss)
472 http fetch GET 200 https://registry.npmjs.org/content-type/-/content-type-1.0.5.tgz 787ms (cache miss)
473 http fetch GET 200 https://registry.npmjs.org/chownr/-/chownr-2.0.0.tgz 775ms (cache miss)
474 http fetch GET 200 https://registry.npmjs.org/call-bind/-/call-bind-1.0.7.tgz 772ms (cache miss)
475 timing reifyNode:node_modules/chownr Completed in 904ms
476 http fetch GET 200 https://registry.npmjs.org/ansi-regex/-/ansi-regex-5.0.1.tgz 767ms (cache miss)
477 http fetch GET 200 https://registry.npmjs.org/aproba/-/aproba-2.0.0.tgz 770ms (cache miss)
478 timing reifyNode:node_modules/ipaddr.js Completed in 910ms
479 timing reifyNode:node_modules/pstree.remy Completed in 915ms
480 timing reifyNode:node_modules/console-control-strings Completed in 911ms
481 http fetch GET 200 https://registry.npmjs.org/balanced-match/-/balanced-match-1.0.2.tgz 777ms (cache miss)
482 http fetch GET 200 https://registry.npmjs.org/agent-base/-/agent-base-6.0.2.tgz 772ms (cache miss)
483 timing reifyNode:node_modules/mime-db Completed in 918ms
484 timing reifyNode:node_modules/finalhandler Completed in 916ms
485 timing reifyNode:node_modules/content-type Completed in 917ms
486 http fetch GET 200 https://registry.npmjs.org/brace-expansion/-/brace-expansion-1.1.11.tgz 784ms (cache miss)
487 timing reifyNode:node_modules/brace-expansion Completed in 917ms
488 http fetch GET 200 https://registry.npmjs.org/buffer-equal-constant-time/-/buffer-equal-constant-time-1.0.1.tgz 785ms (cache miss)
489 http fetch GET 200 https://registry.npmjs.org/color-name/-/color-name-1.1.4.tgz 786ms (cache miss)
490 timing reifyNode:node_modules/color-name Completed in 917ms
491 http fetch GET 200 https://registry.npmjs.org/are-we-there-yet/-/are-we-there-yet-2.0.0.tgz 781ms (cache miss)
492 timing reifyNode:node_modules/content-disposition Completed in 918ms
493 http fetch GET 200 https://registry.npmjs.org/binary-extensions/-/binary-extensions-2.3.0.tgz 782ms (cache miss)
494 http fetch GET 200 https://registry.npmjs.org/anymatch/-/anymatch-3.1.3.tgz 781ms (cache miss)
495 http fetch GET 200 https://registry.npmjs.org/long/-/long-5.2.3.tgz 836ms (cache miss)
496 timing reifyNode:node_modules/generate-function Completed in 922ms
497 warn deprecated glob@7.2.3: Glob versions prior to v9 are no longer supported
498 timing reifyNode:node_modules/glob Completed in 923ms
499 http fetch GET 200 https://registry.npmjs.org/bytes/-/bytes-3.1.2.tgz 792ms (cache miss)
500 http fetch GET 200 https://registry.npmjs.org/ansi-styles/-/ansi-styles-4.3.0.tgz 787ms (cache miss)
501 http fetch GET 200 https://registry.npmjs.org/array-flatten/-/array-flatten-1.1.1.tgz 789ms (cache miss)
502 timing reifyNode:node_modules/array-flatten Completed in 924ms
503 http fetch GET 200 https://registry.npmjs.org/supports-color/-/supports-color-5.5.0.tgz 785ms (cache miss)
504 http fetch GET 200 https://registry.npmjs.org/tslib/-/tslib-2.6.3.tgz 881ms (cache miss)
505 timing reifyNode:node_modules/tslib Completed in 933ms
506 http fetch GET 200 https://registry.npmjs.org/ms/-/ms-2.1.2.tgz 787ms (cache miss)
507 http fetch GET 200 https://registry.npmjs.org/accepts/-/accepts-1.3.8.tgz 790ms (cache miss)
508 http fetch GET 200 https://registry.npmjs.org/abbrev/-/abbrev-1.1.1.tgz 790ms (cache miss)
509 timing reifyNode:node_modules/abbrev Completed in 929ms
510 http fetch GET 200 https://registry.npmjs.org/supports-color/-/supports-color-7.2.0.tgz 784ms (cache miss)
511 timing reifyNode:node_modules/nodemon/node_modules/ms Completed in 935ms
512 http fetch GET 200 https://registry.npmjs.org/jws/-/jws-3.2.2.tgz 841ms (cache miss)
513 http fetch GET 200 https://registry.npmjs.org/depd/-/depd-2.0.0.tgz 818ms (cache miss)
514 timing reifyNode:node_modules/bytes Completed in 933ms
515 timing reifyNode:node_modules/long Completed in 941ms
516 timing reifyNode:node_modules/denque Completed in 939ms
517 timing reifyNode:node_modules/cookie Completed in 941ms
518 timing reifyNode:node_modules/color-support Completed in 940ms
519 http fetch GET 200 https://registry.npmjs.org/ms/-/ms-2.1.2.tgz 790ms (cache miss)
520 http fetch GET 200 https://registry.npmjs.org/ms/-/ms-2.1.2.tgz 795ms (cache miss)
521 timing reifyNode:node_modules/balanced-match Completed in 940ms
522 timing reifyNode:node_modules/ansi-regex Completed in 940ms
523 timing reifyNode:node_modules/aproba Completed in 941ms
524 timing reifyNode:node_modules/anymatch Completed in 941ms
525 http fetch GET 200 https://registry.npmjs.org/debug/-/debug-4.3.4.tgz 797ms (cache miss)
526 http fetch GET 200 https://registry.npmjs.org/ecdsa-sig-formatter/-/ecdsa-sig-formatter-1.0.11.tgz 828ms (cache miss)
527 http fetch GET 200 https://registry.npmjs.org/detect-libc/-/detect-libc-2.0.3.tgz 829ms (cache miss)
528 timing reifyNode:node_modules/accepts Completed in 945ms
529 timing reifyNode:node_modules/nodemon/node_modules/supports-color Completed in 950ms
530 http fetch GET 200 https://registry.npmjs.org/ms/-/ms-2.1.3.tgz 804ms (cache miss)
531 timing reifyNode:node_modules/send/node_modules/ms Completed in 951ms
532 timing reifyNode:node_modules/https-proxy-agent/node_modules/ms Completed in 948ms
533 timing reifyNode:node_modules/jws Completed in 950ms
534 timing reifyNode:node_modules/gopd Completed in 947ms
535 timing reifyNode:node_modules/depd Completed in 949ms
536 timing reifyNode:node_modules/ansi-styles Completed in 949ms
537 http fetch GET 200 https://registry.npmjs.org/has-flag/-/has-flag-3.0.0.tgz 803ms (cache miss)
538 timing reifyNode:node_modules/nodemon/node_modules/has-flag Completed in 955ms
539 http fetch GET 200 https://registry.npmjs.org/hasown/-/hasown-2.0.2.tgz 853ms (cache miss)
540 timing reifyNode:node_modules/agent-base/node_modules/ms Completed in 950ms
541 http fetch GET 200 https://registry.npmjs.org/yargs-parser/-/yargs-parser-21.1.1.tgz 911ms (cache miss)
542 timing reifyNode:node_modules/yargs-parser Completed in 959ms
543 http fetch GET 200 https://registry.npmjs.org/minipass/-/minipass-5.0.0.tgz 872ms (cache miss)
544 timing reifyNode:node_modules/minipass Completed in 956ms
545 http fetch GET 200 https://registry.npmjs.org/emoji-regex/-/emoji-regex-8.0.0.tgz 839ms (cache miss)
546 http fetch GET 200 https://registry.npmjs.org/ms/-/ms-2.1.3.tgz 808ms (cache miss)
547 timing reifyNode:node_modules/jsonwebtoken/node_modules/ms Completed in 957ms
548 timing reifyNode:node_modules/ecdsa-sig-formatter Completed in 955ms
549 timing reifyNode:node_modules/detect-libc Completed in 956ms
550 http fetch GET 200 https://registry.npmjs.org/color-convert/-/color-convert-2.0.1.tgz 827ms (cache miss)
551 http fetch GET 200 https://registry.npmjs.org/minipass/-/minipass-3.3.6.tgz 813ms (cache miss)
552 timing reifyNode:node_modules/chalk/node_modules/supports-color Completed in 957ms
553 timing reifyNode:node_modules/emoji-regex Completed in 960ms
554 http fetch GET 200 https://registry.npmjs.org/minipass/-/minipass-3.3.6.tgz 815ms (cache miss)
555 http fetch GET 200 https://registry.npmjs.org/chalk/-/chalk-4.1.2.tgz 831ms (cache miss)
556 timing reifyNode:node_modules/hasown Completed in 962ms
557 http fetch GET 200 https://registry.npmjs.org/get-intrinsic/-/get-intrinsic-1.2.4.tgz 860ms (cache miss)
558 timing reifyNode:node_modules/mkdirp Completed in 967ms
559 timing reifyNode:node_modules/concat-map Completed in 962ms
560 timing reifyNode:node_modules/buffer-equal-constant-time Completed in 963ms
561 timing reifyNode:node_modules/delegates Completed in 966ms
562 timing reifyNode:node_modules/color-convert Completed in 966ms
563 timing reifyNode:node_modules/minizlib/node_modules/minipass Completed in 972ms
564 timing reifyNode:node_modules/fs-minipass/node_modules/minipass Completed in 968ms
565 timing reifyNode:node_modules/has-property-descriptors Completed in 969ms
566 http fetch GET 200 https://registry.npmjs.org/simple-update-notifier/-/simple-update-notifier-2.0.0.tgz 912ms (cache miss)
567 timing reifyNode:node_modules/binary-extensions Completed in 969ms
568 timing reifyNode:node_modules/chalk Completed in 969ms
569 timing reifyNode:node_modules/get-intrinsic Completed in 972ms
570 timing reifyNode:node_modules/escalade Completed in 974ms
571 timing reifyNode:node_modules/simple-update-notifier Completed in 983ms
572 timing reifyNode:node_modules/has-proto Completed in 979ms
573 http fetch GET 200 https://registry.npmjs.org/lru-cache/-/lru-cache-7.18.3.tgz 838ms (cache miss)
574 http fetch GET 200 https://registry.npmjs.org/https-proxy-agent/-/https-proxy-agent-5.0.1.tgz 884ms (cache miss)
575 http fetch GET 200 https://registry.npmjs.org/cliui/-/cliui-8.0.1.tgz 857ms (cache miss)
576 http fetch GET 200 https://registry.npmjs.org/debug/-/debug-4.3.6.tgz 840ms (cache miss)
577 http fetch GET 200 https://registry.npmjs.org/picomatch/-/picomatch-2.3.1.tgz 916ms (cache miss)
578 timing reifyNode:node_modules/picomatch Completed in 989ms
579 http fetch GET 200 https://registry.npmjs.org/semver/-/semver-6.3.1.tgz 841ms (cache miss)
580 warn deprecated are-we-there-yet@2.0.0: This package is no longer supported.
581 timing reifyNode:node_modules/are-we-there-yet Completed in 985ms
582 timing reifyNode:node_modules/named-placeholders/node_modules/lru-cache Completed in 991ms
583 timing reifyNode:node_modules/https-proxy-agent/node_modules/debug Completed in 988ms
584 http fetch GET 200 https://registry.npmjs.org/chokidar/-/chokidar-3.6.0.tgz 859ms (cache miss)
585 timing reifyNode:node_modules/nodemon/node_modules/debug Completed in 994ms
586 http fetch GET 200 https://registry.npmjs.org/debug/-/debug-4.3.4.tgz 837ms (cache miss)
587 timing reifyNode:node_modules/make-dir/node_modules/semver Completed in 994ms
588 timing reifyNode:node_modules/https-proxy-agent Completed in 992ms
589 timing reifyNode:node_modules/cliui Completed in 990ms
590 timing reifyNode:node_modules/es-define-property Completed in 993ms
591 timing reifyNode:node_modules/chokidar Completed in 992ms
592 http fetch GET 200 https://registry.npmjs.org/mime/-/mime-1.6.0.tgz 912ms (cache miss)
593 timing reifyNode:node_modules/mime Completed in 998ms
594 timing reifyNode:node_modules/agent-base/node_modules/debug Completed in 994ms
595 http fetch GET 200 https://registry.npmjs.org/function-bind/-/function-bind-1.1.2.tgz 888ms (cache miss)
596 http fetch GET 200 https://registry.npmjs.org/braces/-/braces-3.0.3.tgz 863ms (cache miss)
597 http fetch GET 200 https://registry.npmjs.org/define-data-property/-/define-data-property-1.1.4.tgz 884ms (cache miss)
598 timing reifyNode:node_modules/function-bind Completed in 1002ms
599 http fetch GET 200 https://registry.npmjs.org/node-fetch/-/node-fetch-2.7.0.tgz 926ms (cache miss)
600 timing reifyNode:node_modules/node-fetch Completed in 1007ms
601 http fetch GET 200 https://registry.npmjs.org/dotenv/-/dotenv-16.4.5.tgz 891ms (cache miss)
602 timing reifyNode:node_modules/dotenv Completed in 1004ms
603 timing reifyNode:node_modules/braces Completed in 1003ms
604 timing reifyNode:node_modules/define-data-property Completed in 1006ms
605 http fetch GET 200 https://registry.npmjs.org/has-symbols/-/has-symbols-1.0.3.tgz 908ms (cache miss)
606 timing reifyNode:node_modules/has-symbols Completed in 1008ms
607 timing reifyNode:node_modules/agent-base Completed in 1008ms
608 http fetch GET 200 https://registry.npmjs.org/body-parser/-/body-parser-1.20.2.tgz 877ms (cache miss)
609 timing reifyNode:node_modules/call-bind Completed in 1011ms
610 timing reifyNode:node_modules/body-parser Completed in 1016ms
611 http fetch GET 200 https://registry.npmjs.org/shell-quote/-/shell-quote-1.8.1.tgz 961ms (cache miss)
612 timing reifyNode:node_modules/shell-quote Completed in 1027ms
613 http fetch GET 200 https://registry.npmjs.org/jsonwebtoken/-/jsonwebtoken-9.0.2.tgz 933ms (cache miss)
614 timing reifyNode:node_modules/jsonwebtoken Completed in 1028ms
615 http fetch GET 200 https://registry.npmjs.org/debug/-/debug-2.6.9.tgz 917ms (cache miss)
616 http fetch GET 200 https://registry.npmjs.org/qs/-/qs-6.11.0.tgz 969ms (cache miss)
617 timing reifyNode:node_modules/debug Completed in 1037ms
618 timing reifyNode:node_modules/qs Completed in 1042ms
619 http fetch GET 200 https://registry.npmjs.org/gauge/-/gauge-3.0.2.tgz 934ms (cache miss)
620 warn deprecated gauge@3.0.2: This package is no longer supported.
621 timing reifyNode:node_modules/gauge Completed in 1041ms
622 http fetch GET 200 https://registry.npmjs.org/express/-/express-4.19.2.tgz 932ms (cache miss)
623 timing reifyNode:node_modules/express Completed in 1046ms
624 http fetch GET 200 https://registry.npmjs.org/es-errors/-/es-errors-1.3.0.tgz 941ms (cache miss)
625 timing reifyNode:node_modules/es-errors Completed in 1056ms
626 http fetch GET 200 https://registry.npmjs.org/node-addon-api/-/node-addon-api-5.1.0.tgz 981ms (cache miss)
627 timing reifyNode:node_modules/node-addon-api Completed in 1062ms
628 http fetch GET 200 https://registry.npmjs.org/readable-stream/-/readable-stream-3.6.2.tgz 1006ms (cache miss)
629 timing reifyNode:node_modules/readable-stream Completed in 1078ms
630 http fetch GET 200 https://registry.npmjs.org/tar/-/tar-6.2.1.tgz 1026ms (cache miss)
631 timing reifyNode:node_modules/tar Completed in 1083ms
632 http fetch GET 200 https://registry.npmjs.org/bcrypt/-/bcrypt-5.1.1.tgz 951ms (cache miss)
633 http fetch GET 200 https://registry.npmjs.org/http-status-codes/-/http-status-codes-2.3.0.tgz 988ms (cache miss)
634 timing reifyNode:node_modules/bcrypt Completed in 1088ms
635 timing reifyNode:node_modules/http-status-codes Completed in 1092ms
636 http fetch GET 200 https://registry.npmjs.org/lru-cache/-/lru-cache-8.0.5.tgz 1010ms (cache miss)
637 timing reifyNode:node_modules/lru-cache Completed in 1098ms
638 http fetch GET 200 https://registry.npmjs.org/object-inspect/-/object-inspect-1.13.1.tgz 1025ms (cache miss)
639 timing reifyNode:node_modules/object-inspect Completed in 1103ms
640 http fetch GET 200 https://registry.npmjs.org/iconv-lite/-/iconv-lite-0.4.24.tgz 958ms (cache miss)
641 timing reifyNode:node_modules/body-parser/node_modules/iconv-lite Completed in 1107ms
642 http fetch GET 200 https://registry.npmjs.org/@mapbox/node-pre-gyp/-/node-pre-gyp-1.0.11.tgz 973ms (cache miss)
643 http fetch GET 200 https://registry.npmjs.org/iconv-lite/-/iconv-lite-0.4.24.tgz 971ms (cache miss)
644 timing reifyNode:node_modules/@mapbox/node-pre-gyp Completed in 1114ms
645 timing reifyNode:node_modules/raw-body/node_modules/iconv-lite Completed in 1123ms
646 http fetch GET 200 https://registry.npmjs.org/iconv-lite/-/iconv-lite-0.6.3.tgz 1022ms (cache miss)
647 timing reifyNode:node_modules/iconv-lite Completed in 1122ms
648 http fetch GET 200 https://registry.npmjs.org/nodemon/-/nodemon-3.1.4.tgz 1058ms (cache miss)
649 http fetch GET 200 https://registry.npmjs.org/semver/-/semver-7.6.2.tgz 1072ms (cache miss)
650 timing reifyNode:node_modules/semver Completed in 1140ms
651 timing reifyNode:node_modules/nodemon Completed in 1139ms
652 http fetch GET 200 https://registry.npmjs.org/concurrently/-/concurrently-8.2.2.tgz 1026ms (cache miss)
653 timing reifyNode:node_modules/concurrently Completed in 1150ms
654 http fetch GET 200 https://registry.npmjs.org/yargs/-/yargs-17.7.2.tgz 1112ms (cache miss)
655 timing reifyNode:node_modules/yargs Completed in 1160ms
656 http fetch GET 200 https://registry.npmjs.org/mysql2/-/mysql2-3.9.8.tgz 1142ms (cache miss)
657 timing reifyNode:node_modules/mysql2 Completed in 1225ms
658 http fetch GET 200 https://registry.npmjs.org/@babel/runtime/-/runtime-7.25.0.tgz 1181ms (cache miss)
659 timing reifyNode:node_modules/@babel/runtime Completed in 1322ms
660 http fetch GET 200 https://registry.npmjs.org/lodash/-/lodash-4.17.21.tgz 2029ms (cache miss)
661 timing reifyNode:node_modules/lodash Completed in 2123ms
662 http fetch GET 200 https://registry.npmjs.org/rxjs/-/rxjs-7.8.1.tgz 3533ms (cache miss)
663 timing reifyNode:node_modules/rxjs Completed in 3603ms
664 http fetch GET 200 https://registry.npmjs.org/date-fns/-/date-fns-2.30.0.tgz 9828ms (cache miss)
665 timing reifyNode:node_modules/date-fns Completed in 9947ms
666 timing reify:unpack Completed in 9955ms
667 timing reify:unretire Completed in 0ms
668 timing build:queue Completed in 4ms
669 timing build:link:node_modules/@mapbox/node-pre-gyp Completed in 21ms
670 timing build:link:node_modules/mime Completed in 20ms
671 timing build:link:node_modules/make-dir/node_modules/semver Completed in 20ms
672 timing build:link:node_modules/color-support Completed in 21ms
673 timing build:link:node_modules/mkdirp Completed in 20ms
674 timing build:link:node_modules/concurrently Completed in 21ms
675 timing build:link:node_modules/semver Completed in 20ms
676 timing build:link:node_modules/nodemon Completed in 20ms
677 timing build:link:node_modules/nopt Completed in 20ms
678 timing build:link:node_modules/touch Completed in 20ms
679 timing build:link:node_modules/rimraf Completed in 20ms
680 timing build:link:node_modules/tree-kill Completed in 20ms
681 timing build:link Completed in 21ms
682 info run bcrypt@5.1.1 install node_modules/bcrypt node-pre-gyp install --fallback-to-build
683 info run bcrypt@5.1.1 install { code: 0, signal: null }
684 timing build:run:install:node_modules/bcrypt Completed in 610ms
685 timing build:run:install Completed in 611ms
686 timing build:deps Completed in 637ms
687 timing build Completed in 637ms
688 timing reify:build Completed in 637ms
689 timing reify:trash Completed in 1ms
690 timing reify:save Completed in 37ms
691 timing reify Completed in 10917ms
692 silly ADD node_modules/cors
693 silly ADD node_modules/yargs-parser
694 silly ADD node_modules/yargs
695 silly ADD node_modules/yallist
696 silly ADD node_modules/y18n
697 silly ADD node_modules/wrappy
698 silly ADD node_modules/wrap-ansi
699 silly ADD node_modules/wide-align
700 silly ADD node_modules/whatwg-url
701 silly ADD node_modules/webidl-conversions
702 silly ADD node_modules/vary
703 silly ADD node_modules/utils-merge
704 silly ADD node_modules/util-deprecate
705 silly ADD node_modules/unpipe
706 silly ADD node_modules/undefsafe
707 silly ADD node_modules/type-is
708 silly ADD node_modules/tslib
709 silly ADD node_modules/tree-kill
710 silly ADD node_modules/tr46
711 silly ADD node_modules/touch
712 silly ADD node_modules/toidentifier
713 silly ADD node_modules/to-regex-range
714 silly ADD node_modules/tar
715 silly ADD node_modules/supports-color
716 silly ADD node_modules/strip-ansi
717 silly ADD node_modules/string-width
718 silly ADD node_modules/string_decoder
719 silly ADD node_modules/statuses
720 silly ADD node_modules/sqlstring
721 silly ADD node_modules/spawn-command
722 silly ADD node_modules/simple-update-notifier
723 silly ADD node_modules/signal-exit
724 silly ADD node_modules/side-channel
725 silly ADD node_modules/shell-quote
726 silly ADD node_modules/setprototypeof
727 silly ADD node_modules/set-function-length
728 silly ADD node_modules/set-blocking
729 silly ADD node_modules/serve-static
730 silly ADD node_modules/seq-queue
731 silly ADD node_modules/send
732 silly ADD node_modules/send/node_modules/ms
733 silly ADD node_modules/semver
734 silly ADD node_modules/safer-buffer
735 silly ADD node_modules/safe-buffer
736 silly ADD node_modules/rxjs
737 silly ADD node_modules/rimraf
738 silly ADD node_modules/require-directory
739 silly ADD node_modules/regenerator-runtime
740 silly ADD node_modules/readdirp
741 silly ADD node_modules/readable-stream
742 silly ADD node_modules/raw-body
743 silly ADD node_modules/raw-body/node_modules/iconv-lite
744 silly ADD node_modules/range-parser
745 silly ADD node_modules/qs
746 silly ADD node_modules/pstree.remy
747 silly ADD node_modules/proxy-addr
748 silly ADD node_modules/picomatch
749 silly ADD node_modules/path-to-regexp
750 silly ADD node_modules/path-is-absolute
751 silly ADD node_modules/parseurl
752 silly ADD node_modules/once
753 silly ADD node_modules/on-finished
754 silly ADD node_modules/object-inspect
755 silly ADD node_modules/object-assign
756 silly ADD node_modules/npmlog
757 silly ADD node_modules/normalize-path
758 silly ADD node_modules/nopt
759 silly ADD node_modules/nodemon
760 silly ADD node_modules/nodemon/node_modules/supports-color
761 silly ADD node_modules/nodemon/node_modules/ms
762 silly ADD node_modules/nodemon/node_modules/has-flag
763 silly ADD node_modules/nodemon/node_modules/debug
764 silly ADD node_modules/node-fetch
765 silly ADD node_modules/node-addon-api
766 silly ADD node_modules/negotiator
767 silly ADD node_modules/named-placeholders
768 silly ADD node_modules/named-placeholders/node_modules/lru-cache
769 silly ADD node_modules/mysql2
770 silly ADD node_modules/ms
771 silly ADD node_modules/mkdirp
772 silly ADD node_modules/minizlib
773 silly ADD node_modules/minizlib/node_modules/minipass
774 silly ADD node_modules/minipass
775 silly ADD node_modules/minimatch
776 silly ADD node_modules/mime-types
777 silly ADD node_modules/mime-db
778 silly ADD node_modules/mime
779 silly ADD node_modules/methods
780 silly ADD node_modules/merge-descriptors
781 silly ADD node_modules/media-typer
782 silly ADD node_modules/make-dir
783 silly ADD node_modules/make-dir/node_modules/semver
784 silly ADD node_modules/lru-cache
785 silly ADD node_modules/long
786 silly ADD node_modules/lodash.once
787 silly ADD node_modules/lodash.isstring
788 silly ADD node_modules/lodash.isplainobject
789 silly ADD node_modules/lodash.isnumber
790 silly ADD node_modules/lodash.isinteger
791 silly ADD node_modules/lodash.isboolean
792 silly ADD node_modules/lodash.includes
793 silly ADD node_modules/lodash
794 silly ADD node_modules/jws
795 silly ADD node_modules/jwa
796 silly ADD node_modules/jsonwebtoken
797 silly ADD node_modules/jsonwebtoken/node_modules/ms
798 silly ADD node_modules/is-property
799 silly ADD node_modules/is-number
800 silly ADD node_modules/is-glob
801 silly ADD node_modules/is-fullwidth-code-point
802 silly ADD node_modules/is-extglob
803 silly ADD node_modules/is-binary-path
804 silly ADD node_modules/ipaddr.js
805 silly ADD node_modules/inherits
806 silly ADD node_modules/inflight
807 silly ADD node_modules/ignore-by-default
808 silly ADD node_modules/iconv-lite
809 silly ADD node_modules/https-proxy-agent
810 silly ADD node_modules/https-proxy-agent/node_modules/ms
811 silly ADD node_modules/https-proxy-agent/node_modules/debug
812 silly ADD node_modules/http-status-codes
813 silly ADD node_modules/http-errors
814 silly ADD node_modules/hasown
815 silly ADD node_modules/has-unicode
816 silly ADD node_modules/has-symbols
817 silly ADD node_modules/has-proto
818 silly ADD node_modules/has-property-descriptors
819 silly ADD node_modules/has-flag
820 silly ADD node_modules/gopd
821 silly ADD node_modules/glob-parent
822 silly ADD node_modules/glob
823 silly ADD node_modules/get-intrinsic
824 silly ADD node_modules/get-caller-file
825 silly ADD node_modules/generate-function
826 silly ADD node_modules/gauge
827 silly ADD node_modules/function-bind
828 silly ADD
829 silly ADD node_modules/fs.realpath
830 silly ADD node_modules/fs-minipass
831 silly ADD node_modules/fs-minipass/node_modules/minipass
832 silly ADD node_modules/fresh
833 silly ADD node_modules/forwarded
834 silly ADD node_modules/finalhandler
835 silly ADD node_modules/fill-range
836 silly ADD node_modules/express
837 silly ADD node_modules/etag
838 silly ADD node_modules/escape-html
839 silly ADD node_modules/escalade
840 silly ADD node_modules/es-errors
841 silly ADD node_modules/es-define-property
842 silly ADD node_modules/encodeurl
843 silly ADD node_modules/emoji-regex
844 silly ADD node_modules/ee-first
845 silly ADD node_modules/ecdsa-sig-formatter
846 silly ADD node_modules/dotenv
847 silly ADD node_modules/detect-libc
848 silly ADD node_modules/destroy
849 silly ADD node_modules/depd
850 silly ADD node_modules/denque
851 silly ADD node_modules/delegates
852 silly ADD node_modules/define-data-property
853 silly ADD node_modules/debug
854 silly ADD node_modules/date-fns
855 silly ADD node_modules/cookie-signature
856 silly ADD node_modules/cookie
857 silly ADD node_modules/content-type
858 silly ADD node_modules/content-disposition
859 silly ADD node_modules/console-control-strings
860 silly ADD node_modules/concurrently
861 silly ADD node_modules/concat-map
862 silly ADD node_modules/color-support
863 silly ADD node_modules/color-name
864 silly ADD node_modules/color-convert
865 silly ADD node_modules/cliui
866 silly ADD node_modules/chownr
867 silly ADD node_modules/chokidar
868 silly ADD node_modules/chalk
869 silly ADD node_modules/chalk/node_modules/supports-color
870 silly ADD node_modules/call-bind
871 silly ADD node_modules/bytes
872 silly ADD node_modules/buffer-equal-constant-time
873 silly ADD node_modules/braces
874 silly ADD node_modules/brace-expansion
875 silly ADD node_modules/body-parser
876 silly ADD node_modules/body-parser/node_modules/iconv-lite
877 silly ADD node_modules/binary-extensions
878 silly ADD node_modules/bcrypt
879 silly ADD node_modules/balanced-match
880 silly ADD node_modules/array-flatten
881 silly ADD node_modules/are-we-there-yet
882 silly ADD node_modules/aproba
883 silly ADD node_modules/anymatch
884 silly ADD node_modules/ansi-styles
885 silly ADD node_modules/ansi-regex
886 silly ADD node_modules/agent-base
887 silly ADD node_modules/agent-base/node_modules/ms
888 silly ADD node_modules/agent-base/node_modules/debug
889 silly ADD node_modules/accepts
890 silly ADD node_modules/abbrev
891 silly ADD node_modules/@mapbox/node-pre-gyp
892 silly ADD node_modules/@babel/runtime
893 timing command:install Completed in 10924ms
894 notice
894 notice New [33mminor[39m version of npm available! [31m10.5.2[39m -> [32m10.8.2[39m
894 notice Changelog: [36mhttps://github.com/npm/cli/releases/tag/v10.8.2[39m
894 notice Run [32mnpm install -g npm@10.8.2[39m to update!
894 notice
895 verbose exit 0
896 timing npm Completed in 11277ms
897 info ok
